[2025-11-12 20:24:28] [General - LegacyConfigProvider] [INFO] Loading settings...
[2025-11-12 20:24:28] [General - LegacyConfigProvider] [INFO] Hardware config does not exist! Loading defaults
[2025-11-12 20:24:28] [General - LegacyConfigProvider] [INFO] Hardware settings does not exist! Loading defaults
[2025-11-12 20:24:28] [General - LegacyConfigProvider] [INFO] Network config file does not exist! Loading defaults
[2025-11-12 20:24:28] [General - LegacyConfigProvider] [INFO] Loading default apriltags for 2024 field...
[2025-11-12 20:24:28] [General - LegacyConfigProvider] [INFO] Settings saved!
[2025-11-12 20:24:28] [General - LegacyConfigProvider] [INFO] Loading settings...
[2025-11-12 20:24:28] [General - LegacyConfigProvider] [INFO] Hardware config does not exist! Loading defaults
[2025-11-12 20:24:28] [General - LegacyConfigProvider] [INFO] Hardware settings does not exist! Loading defaults
[2025-11-12 20:24:28] [General - LegacyConfigProvider] [INFO] Loading default apriltags for 2024 field...
[2025-11-12 20:24:28] [General - LegacyConfigProvider] [INFO] Loading settings...
[2025-11-12 20:24:28] [General - LegacyConfigProvider] [INFO] Hardware config does not exist! Loading defaults
[2025-11-12 20:24:28] [General - LegacyConfigProvider] [INFO] Hardware settings does not exist! Loading defaults
[2025-11-12 20:24:28] [General - LegacyConfigProvider] [INFO] Loading default apriltags for 2024 field...
[2025-11-12 20:24:29] [Config - SqlConfigProvider] [INFO] Using correct database version: 2
[2025-11-12 20:24:29] [Config - SqlConfigProvider] [ERROR] Could not deserialize hardware config! Loading defaults: Provided empty string for class org.photonvision.common.configuration.HardwareConfig
[2025-11-12 20:24:29] [Config - SqlConfigProvider] [ERROR] Could not deserialize hardware settings! Loading defaults: Provided empty string for class org.photonvision.common.configuration.HardwareSettings
[2025-11-12 20:24:29] [Config - SqlConfigProvider] [ERROR] Could not deserialize network config! Loading defaults: Provided empty string for class org.photonvision.common.configuration.NetworkConfig
[2025-11-12 20:24:29] [Config - SqlConfigProvider] [ERROR] Could not deserialize apriltag layout! Loading defaults: Provided empty string for class edu.wpi.first.apriltag.AprilTagFieldLayout
[2025-11-12 20:24:29] [Config - SqlConfigProvider] [ERROR] Could not deserialize neural network properties! Loading defaults: Provided empty string for class org.photonvision.common.configuration.NeuralNetworkPropertyManager
[2025-11-12 20:24:29] [Config - SqlConfigProvider] [INFO] Settings saved!
[2025-11-12 20:24:29] [Config - SqlConfigProvider] [ERROR] Could not deserialize apriltag layout! Loading defaults: Provided empty string for class edu.wpi.first.apriltag.AprilTagFieldLayout
[2025-11-12 20:24:29] [Config - SqlConfigProvider] [INFO] Using correct database version: 2
[2025-11-12 20:24:29] [Config - SqlConfigProvider] [ERROR] Could not deserialize apriltag layout! Loading defaults: Provided empty string for class edu.wpi.first.apriltag.AprilTagFieldLayout
[2025-11-12 20:24:29] [Config - SqlConfigProvider] [INFO] Using correct database version: 2
[2025-11-12 20:24:29] [Config - SqlConfigProvider] [ERROR] Could not deserialize apriltag layout! Loading defaults: Provided empty string for class edu.wpi.first.apriltag.AprilTagFieldLayout
[2025-11-12 20:24:29] [Config - SqlConfigProvider] [ERROR] Could not deserialize neural network properties! Loading defaults: Provided empty string for class org.photonvision.common.configuration.NeuralNetworkPropertyManager
[2025-11-12 20:24:29] [Config - SqlConfigProvider] [INFO] Legacy CameraConfiguration detected - upgrading
[2025-11-12 20:24:29] [Config - SqlConfigProvider] [INFO] Using correct database version: 2
[2025-11-12 20:24:30] [General - ShellExec] [DEBUG] Executing ""
[2025-11-12 20:24:40] [General - ShellExec] [DEBUG] Got exit code 1
[2025-11-12 20:24:40] [General - ShellExec] [DEBUG] Executing ""
[2025-11-12 20:24:40] [General - ShellExec] [DEBUG] Got exit code 1
[2025-11-12 20:24:40] [General - ShellExec] [DEBUG] Executing ""
[2025-11-12 20:24:40] [General - ShellExec] [DEBUG] Got exit code 1
[2025-11-12 20:24:40] [General - ShellExec] [DEBUG] Executing ""
[2025-11-12 20:24:41] [General - ShellExec] [DEBUG] Got exit code 1
[2025-11-12 20:24:41] [General - ShellExec] [DEBUG] Executing ""
[2025-11-12 20:24:41] [General - ShellExec] [DEBUG] Got exit code 1
[2025-11-12 20:24:41] [General - ShellExec] [DEBUG] Executing ""
[2025-11-12 20:24:41] [General - ShellExec] [DEBUG] Got exit code 1
[2025-11-12 20:24:41] [General - ShellExec] [DEBUG] Executing ""
[2025-11-12 20:24:41] [General - ShellExec] [DEBUG] Got exit code 1
[2025-11-12 20:24:41] [NetworkTables - TimeSyncManager] [DEBUG] Starting TimeSyncClient on localhost (for now)
[2025-11-12 20:24:41] [NetworkTables - NTDriverStation] [INFO] ROBOT TRANSITIONED MODES! From NtControlWord[m_enabled=false, m_autonomous=false, m_test=false, m_emergencyStop=false, m_fmsAttached=false, m_dsAttached=false] to NtControlWord[m_enabled=false, m_autonomous=false, m_test=false, m_emergencyStop=false, m_fmsAttached=false, m_dsAttached=false]
[2025-11-12 20:24:41] [NetworkTables - NTDriverStation] [INFO] ROBOT TRANSITIONED MODES! From NtControlWord[m_enabled=false, m_autonomous=false, m_test=false, m_emergencyStop=false, m_fmsAttached=false, m_dsAttached=false] to NtControlWord[m_enabled=false, m_autonomous=false, m_test=false, m_emergencyStop=false, m_fmsAttached=false, m_dsAttached=false]
[2025-11-12 20:24:42] [General - FileSaveFrameConsumer] [INFO] Saving image to: D:\CodeStuff\photonvision\photonvision_config\imgSaves\some_unique\foobar_input_2025-11-12T082441998_None-0-CASJ.jpg
[2025-11-12 20:24:42] [General - FileSaveFrameConsumer] [INFO] Saved new image at D:\CodeStuff\photonvision\photonvision_config\imgSaves\some_unique\foobar_input_2025-11-12T082441998_None-0-CASJ.jpg
[2025-11-12 20:24:42] [General - FileSaveFrameConsumer] [INFO] Saving image to: D:\CodeStuff\photonvision\photonvision_config\imgSaves\some_unique\foobar_input_2025-11-12T082442114_None-1-CASJ.jpg
[2025-11-12 20:24:42] [General - FileSaveFrameConsumer] [INFO] Saved new image at D:\CodeStuff\photonvision\photonvision_config\imgSaves\some_unique\foobar_input_2025-11-12T082442114_None-1-CASJ.jpg
[2025-11-12 20:24:42] [General - FileSaveFrameConsumer] [INFO] Saving image to: D:\CodeStuff\photonvision\photonvision_config\imgSaves\some_unique\foobar_input_2025-11-12T082442221_None-65535-CASJ.jpg
[2025-11-12 20:24:42] [General - FileSaveFrameConsumer] [INFO] Saved new image at D:\CodeStuff\photonvision\photonvision_config\imgSaves\some_unique\foobar_input_2025-11-12T082442221_None-65535-CASJ.jpg
[2025-11-12 20:24:42] [General - FileSaveFrameConsumer] [INFO] Saving image to: D:\CodeStuff\photonvision\photonvision_config\imgSaves\some_unique\foobar_input_2025-11-12T082442338_Practice-0-CASJ.jpg
[2025-11-12 20:24:42] [General - FileSaveFrameConsumer] [INFO] Saved new image at D:\CodeStuff\photonvision\photonvision_config\imgSaves\some_unique\foobar_input_2025-11-12T082442338_Practice-0-CASJ.jpg
[2025-11-12 20:24:42] [General - FileSaveFrameConsumer] [INFO] Saving image to: D:\CodeStuff\photonvision\photonvision_config\imgSaves\some_unique\foobar_input_2025-11-12T082442462_Practice-1-CASJ.jpg
[2025-11-12 20:24:42] [General - FileSaveFrameConsumer] [INFO] Saved new image at D:\CodeStuff\photonvision\photonvision_config\imgSaves\some_unique\foobar_input_2025-11-12T082442462_Practice-1-CASJ.jpg
[2025-11-12 20:24:42] [General - FileSaveFrameConsumer] [INFO] Saving image to: D:\CodeStuff\photonvision\photonvision_config\imgSaves\some_unique\foobar_input_2025-11-12T082442586_Practice-65535-CASJ.jpg
[2025-11-12 20:24:42] [General - FileSaveFrameConsumer] [INFO] Saved new image at D:\CodeStuff\photonvision\photonvision_config\imgSaves\some_unique\foobar_input_2025-11-12T082442586_Practice-65535-CASJ.jpg
[2025-11-12 20:24:42] [General - FileSaveFrameConsumer] [INFO] Saving image to: D:\CodeStuff\photonvision\photonvision_config\imgSaves\some_unique\foobar_input_2025-11-12T082442698_Qualification-0-CASJ.jpg
[2025-11-12 20:24:42] [General - FileSaveFrameConsumer] [INFO] Saved new image at D:\CodeStuff\photonvision\photonvision_config\imgSaves\some_unique\foobar_input_2025-11-12T082442698_Qualification-0-CASJ.jpg
[2025-11-12 20:24:42] [General - FileSaveFrameConsumer] [INFO] Saving image to: D:\CodeStuff\photonvision\photonvision_config\imgSaves\some_unique\foobar_input_2025-11-12T082442806_Qualification-1-CASJ.jpg
[2025-11-12 20:24:42] [General - FileSaveFrameConsumer] [INFO] Saved new image at D:\CodeStuff\photonvision\photonvision_config\imgSaves\some_unique\foobar_input_2025-11-12T082442806_Qualification-1-CASJ.jpg
[2025-11-12 20:24:43] [General - FileSaveFrameConsumer] [INFO] Saving image to: D:\CodeStuff\photonvision\photonvision_config\imgSaves\some_unique\foobar_input_2025-11-12T082442924_Qualification-65535-CASJ.jpg
[2025-11-12 20:24:43] [General - FileSaveFrameConsumer] [INFO] Saved new image at D:\CodeStuff\photonvision\photonvision_config\imgSaves\some_unique\foobar_input_2025-11-12T082442924_Qualification-65535-CASJ.jpg
[2025-11-12 20:24:43] [General - FileSaveFrameConsumer] [INFO] Saving image to: D:\CodeStuff\photonvision\photonvision_config\imgSaves\some_unique\foobar_input_2025-11-12T08244338_Elimination-0-CASJ.jpg
[2025-11-12 20:24:43] [General - FileSaveFrameConsumer] [INFO] Saved new image at D:\CodeStuff\photonvision\photonvision_config\imgSaves\some_unique\foobar_input_2025-11-12T08244338_Elimination-0-CASJ.jpg
[2025-11-12 20:24:43] [General - FileSaveFrameConsumer] [INFO] Saving image to: D:\CodeStuff\photonvision\photonvision_config\imgSaves\some_unique\foobar_input_2025-11-12T082443156_Elimination-1-CASJ.jpg
[2025-11-12 20:24:43] [General - FileSaveFrameConsumer] [INFO] Saved new image at D:\CodeStuff\photonvision\photonvision_config\imgSaves\some_unique\foobar_input_2025-11-12T082443156_Elimination-1-CASJ.jpg
[2025-11-12 20:24:43] [General - FileSaveFrameConsumer] [INFO] Saving image to: D:\CodeStuff\photonvision\photonvision_config\imgSaves\some_unique\foobar_input_2025-11-12T082443267_Elimination-65535-CASJ.jpg
[2025-11-12 20:24:43] [General - FileSaveFrameConsumer] [INFO] Saved new image at D:\CodeStuff\photonvision\photonvision_config\imgSaves\some_unique\foobar_input_2025-11-12T082443267_Elimination-65535-CASJ.jpg
[2025-11-12 20:24:43] [Config - SqlConfigProvider] [ERROR] Could not deserialize apriltag layout! Loading defaults: Provided empty string for class edu.wpi.first.apriltag.AprilTagFieldLayout
[2025-11-12 20:24:44] [Config - SqlConfigProvider] [ERROR] Could not deserialize apriltag layout! Loading defaults: Provided empty string for class edu.wpi.first.apriltag.AprilTagFieldLayout
[2025-11-12 20:24:44] [Config - SqlConfigProvider] [ERROR] Could not deserialize apriltag layout! Loading defaults: Provided empty string for class edu.wpi.first.apriltag.AprilTagFieldLayout
[2025-11-12 20:24:44] [Camera - MrCalJNILoader] [INFO] Successfully loaded shared object libamd.dll
[2025-11-12 20:24:44] [Camera - MrCalJNILoader] [INFO] Successfully loaded shared object libcamd.dll
[2025-11-12 20:24:44] [Camera - MrCalJNILoader] [INFO] Successfully loaded shared object libcolamd.dll
[2025-11-12 20:24:44] [Camera - MrCalJNILoader] [INFO] Successfully loaded shared object libccolamd.dll
[2025-11-12 20:24:44] [Camera - MrCalJNILoader] [INFO] Successfully loaded shared object openblas.dll
[2025-11-12 20:24:45] [Camera - MrCalJNILoader] [INFO] Successfully loaded shared object libwinpthread-1.dll
[2025-11-12 20:24:45] [Camera - MrCalJNILoader] [INFO] Successfully loaded shared object libgcc_s_seh-1.dll
[2025-11-12 20:24:45] [Camera - MrCalJNILoader] [INFO] Successfully loaded shared object libquadmath-0.dll
[2025-11-12 20:24:45] [Camera - MrCalJNILoader] [INFO] Successfully loaded shared object libgfortran-5.dll
[2025-11-12 20:24:46] [Camera - MrCalJNILoader] [INFO] Successfully loaded shared object liblapack.dll
[2025-11-12 20:24:47] [Camera - MrCalJNILoader] [INFO] Successfully loaded shared object libcholmod.dll
[2025-11-12 20:24:47] [Camera - MrCalJNILoader] [INFO] Successfully loaded shared object mrcal_jni.dll
[2025-11-12 20:24:47] [General - Calibrate3dPipe] [DEBUG] Calibrating with mrcal!
[2025-11-12 20:24:47] [General - Calibrate3dPipe] [INFO] CALIBRATION SUCCESS for res 640x480 in 124.171ms! camMatrix: 
[696.9565023561466, 0.0, 300.8077589963019, 0.0, 695.6201898348514, 225.4679709755069, 0.0, 0.0, 1.0]
distortionCoeffs:
[0.1304311082382927, -0.8676417502367234, 0.004385537629774377, -0.001857625361451315, 1.234003989472601, 0.009606771206121368, 0.041280567083769995, -0.047662776433916546]

[2025-11-12 20:24:47] [General - Calibrate3dPipe] [DEBUG] Calibrating with opencv!
[2025-11-12 20:24:47] [General - Calibrate3dPipe] [INFO] CALIBRATION SUCCESS for res 640x480 in 101.7415ms! camMatrix: 
[704.8446532728796, 0.0, 300.23429077611036, 0.0, 703.4092148678734, 223.65879052167196, 0.0, 0.0, 1.0]
distortionCoeffs:
[0.18288183640543254, -1.5401122086019745, 0.00437173726471155, -0.0018266450369458236, 3.1603965512170964]

[2025-11-12 20:24:48] [General - Calibrate3dPipe] [DEBUG] Calibrating with mrcal!
[2025-11-12 20:24:49] [General - Calibrate3dPipe] [INFO] CALIBRATION SUCCESS for res 1280x720 in 363.9213ms! camMatrix: 
[1131.4404268438627, 0.0, 615.4578070023828, 0.0, 1129.8084495488167, 337.43886345492854, 0.0, 0.0, 1.0]
distortionCoeffs:
[0.136227499184832, -1.2425347410187235, 0.0020037380990268, 0.001999707818100342, 2.2509894932605077, -0.03615151392682365, 0.055485791420644484, -0.0867385728275488]

[2025-11-12 20:24:50] [General - Calibrate3dPipe] [DEBUG] Calibrating with opencv!
[2025-11-12 20:24:50] [General - Calibrate3dPipe] [INFO] CALIBRATION SUCCESS for res 1280x720 in 217.802ms! camMatrix: 
[1129.4588590958472, 0.0, 605.947221593483, 0.0, 1127.8094308536934, 350.6557147406001, 0.0, 0.0, 1.0]
distortionCoeffs:
[0.18665539584407825, -1.4807740880993627, 0.005679177322302654, 6.946753355468179E-4, 2.8599882232909746]

[2025-11-12 20:24:50] [General - Calibrate3dPipe] [DEBUG] Calibrating with mrcal!
[2025-11-12 20:24:50] [General - Calibrate3dPipe] [INFO] CALIBRATION SUCCESS for res 640x480 in 125.7742ms! camMatrix: 
[679.1325561342245, 0.0, 313.2055207026831, 0.0, 679.6187268602123, 221.23039825496662, 0.0, 0.0, 1.0]
distortionCoeffs:
[0.1021333836275824, -0.5716004509246847, -0.0042988987252145444, -0.0026364887956735533, 0.3386744406658723, 0.003460931002734856, 0.0252964206010295, -0.012998611541591825]

[2025-11-12 20:24:51] [General - Calibrate3dPipe] [DEBUG] Calibrating with opencv!
[2025-11-12 20:24:51] [General - Calibrate3dPipe] [INFO] CALIBRATION SUCCESS for res 640x480 in 178.8457ms! camMatrix: 
[679.8726970063601, 0.0, 313.7825376143236, 0.0, 680.3187679112082, 221.53823402612062, 0.0, 0.0, 1.0]
distortionCoeffs:
[0.12482767395606476, -0.9055899936786894, -0.0043215392946960975, -0.002319240708146737, 1.3406000840954206]

[2025-11-12 20:24:52] [General - Calibrate3dPipe] [DEBUG] Calibrating with mrcal!
[2025-11-12 20:24:52] [General - Calibrate3dPipe] [INFO] CALIBRATION SUCCESS for res 1280x720 in 242.8303ms! camMatrix: 
[1123.3539529058576, 0.0, 624.5511730162395, 0.0, 1122.3175827222299, 332.24210386160706, 0.0, 0.0, 1.0]
distortionCoeffs:
[0.09668097872409573, -0.9752071979971829, -0.003024869793327334, -0.0015437709189221414, 1.8126700596303331, -0.02313018041351915, 0.041525573640222614, -0.07070874405281781]

[2025-11-12 20:24:52] [General - Calibrate3dPipe] [DEBUG] Calibrating with opencv!
[2025-11-12 20:24:53] [General - Calibrate3dPipe] [INFO] CALIBRATION SUCCESS for res 1280x720 in 267.1942ms! camMatrix: 
[1127.7051835305906, 0.0, 626.0189155881978, 0.0, 1126.8112196744894, 332.69298948044116, 0.0, 0.0, 1.0]
distortionCoeffs:
[0.1382426894937853, -1.1650149834889068, -0.003044521788933629, -0.0013483010444294667, 2.261632725239242]

[2025-11-12 20:24:53] [General - Calibrate3dPipe] [DEBUG] Calibrating with mrcal!
[2025-11-12 20:24:53] [General - Calibrate3dPipe] [INFO] CALIBRATION SUCCESS for res 640x480 in 122.227ms! camMatrix: 
[683.4408364514303, 0.0, 312.8845310286721, 0.0, 683.8056922265375, 225.55430374723824, 0.0, 0.0, 1.0]
distortionCoeffs:
[0.1357912742174824, -0.897831709252461, -0.001942889877246781, -0.0016548791375474575, 1.3475851259076443, 0.010404334919427466, 0.042530343345846156, -0.05232674432411066]

[2025-11-12 20:24:53] [General - Calibrate3dPipe] [DEBUG] Calibrating with opencv!
[2025-11-12 20:24:54] [General - Calibrate3dPipe] [INFO] CALIBRATION SUCCESS for res 640x480 in 125.7695ms! camMatrix: 
[686.9150447228033, 0.0, 312.48394766491396, 0.0, 687.366314372525, 225.20143808777172, 0.0, 0.0, 1.0]
distortionCoeffs:
[0.1727621852335748, -1.4526260225453136, -0.0023097209489518393, -0.001818749526237963, 2.9821996316490003]

[2025-11-12 20:24:54] [General - Calibrate3dPipe] [DEBUG] Calibrating with mrcal!
[2025-11-12 20:24:54] [General - Calibrate3dPipe] [INFO] CALIBRATION SUCCESS for res 1280x720 in 219.6057ms! camMatrix: 
[1159.1314988375414, 0.0, 622.15890028845, 0.0, 1158.9891336356839, 324.61365425907985, 0.0, 0.0, 1.0]
distortionCoeffs:
[0.118836377338719, -1.2191658573509057, -0.005638039959998182, 5.799454407899295E-4, 2.3603998416003815, -0.03611369571224089, 0.05136589609668408, -0.09252664335093345]

[2025-11-12 20:24:55] [General - Calibrate3dPipe] [DEBUG] Calibrating with opencv!
[2025-11-12 20:24:55] [General - Calibrate3dPipe] [INFO] CALIBRATION SUCCESS for res 1280x720 in 214.3792ms! camMatrix: 
[1193.3227331389903, 0.0, 623.9783476452025, 0.0, 1192.8561898806863, 331.85190703424576, 0.0, 0.0, 1.0]
distortionCoeffs:
[0.18950826315030825, -1.570002184639695, -0.005265197702173624, 7.789822081657933E-4, 3.277713252721476]

[2025-11-12 20:24:55] [Config - SqlConfigProvider] [DEBUG] Loading config...
[2025-11-12 20:24:55] [Config - SqlConfigProvider] [ERROR] Could not deserialize apriltag layout! Loading defaults: Provided empty string for class edu.wpi.first.apriltag.AprilTagFieldLayout
[2025-11-12 20:24:55] [Config - SqlConfigProvider] [ERROR] org.eclipse.jetty.io.EofException: Provided empty string for class edu.wpi.first.apriltag.AprilTagFieldLayout
	at org.photonvision.common.util.file.JacksonUtils.deserialize(JacksonUtils.java:136)
	at org.photonvision.common.configuration.SqlConfigProvider.load(SqlConfigProvider.java:298)
	at org.photonvision.common.configuration.ConfigManager.load(ConfigManager.java:198)
	at org.photonvision.vision.pipeline.CalibrationRotationPipeTest.init(CalibrationRotationPipeTest.java:62)
	at java.base/jdk.internal.reflect.DirectMethodHandleAccessor.invoke(DirectMethodHandleAccessor.java:103)
	at java.base/java.lang.reflect.Method.invoke(Method.java:580)
	at org.junit.platform.commons.util.ReflectionUtils.invokeMethod(ReflectionUtils.java:767)
	at org.junit.jupiter.engine.execution.MethodInvocation.proceed(MethodInvocation.java:60)
	at org.junit.jupiter.engine.execution.InvocationInterceptorChain$ValidatingInvocation.proceed(InvocationInterceptorChain.java:131)
	at org.junit.jupiter.engine.extension.TimeoutExtension.intercept(TimeoutExtension.java:156)
	at org.junit.jupiter.engine.extension.TimeoutExtension.interceptLifecycleMethod(TimeoutExtension.java:128)
	at org.junit.jupiter.engine.extension.TimeoutExtension.interceptBeforeAllMethod(TimeoutExtension.java:70)
	at org.junit.jupiter.engine.execution.InterceptingExecutableInvoker$ReflectiveInterceptorCall.lambda$ofVoidMethod$0(InterceptingExecutableInvoker.java:103)
	at org.junit.jupiter.engine.execution.InterceptingExecutableInvoker.lambda$invoke$0(InterceptingExecutableInvoker.java:93)
	at org.junit.jupiter.engine.execution.InvocationInterceptorChain$InterceptedInvocation.proceed(InvocationInterceptorChain.java:106)
	at org.junit.jupiter.engine.execution.InvocationInterceptorChain.proceed(InvocationInterceptorChain.java:64)
	at org.junit.jupiter.engine.execution.InvocationInterceptorChain.chainAndInvoke(InvocationInterceptorChain.java:45)
	at org.junit.jupiter.engine.execution.InvocationInterceptorChain.invoke(InvocationInterceptorChain.java:37)
	at org.junit.jupiter.engine.execution.InterceptingExecutableInvoker.invoke(InterceptingExecutableInvoker.java:92)
	at org.junit.jupiter.engine.execution.InterceptingExecutableInvoker.invoke(InterceptingExecutableInvoker.java:86)
	at org.junit.jupiter.engine.descriptor.ClassBasedTestDescriptor.lambda$invokeBeforeAllMethods$14(ClassBasedTestDescriptor.java:412)
	at org.junit.platform.engine.support.hierarchical.ThrowableCollector.execute(ThrowableCollector.java:73)
	at org.junit.jupiter.engine.descriptor.ClassBasedTestDescriptor.invokeBeforeAllMethods(ClassBasedTestDescriptor.java:410)
	at org.junit.jupiter.engine.descriptor.ClassBasedTestDescriptor.before(ClassBasedTestDescriptor.java:216)
	at org.junit.jupiter.engine.descriptor.ClassBasedTestDescriptor.before(ClassBasedTestDescriptor.java:85)
	at org.junit.platform.engine.support.hierarchical.NodeTestTask.lambda$executeRecursively$6(NodeTestTask.java:153)
	at org.junit.platform.engine.support.hierarchical.ThrowableCollector.execute(ThrowableCollector.java:73)
	at org.junit.platform.engine.support.hierarchical.NodeTestTask.lambda$executeRecursively$8(NodeTestTask.java:146)
	at org.junit.platform.engine.support.hierarchical.Node.around(Node.java:137)
	at org.junit.platform.engine.support.hierarchical.NodeTestTask.lambda$executeRecursively$9(NodeTestTask.java:144)
	at org.junit.platform.engine.support.hierarchical.ThrowableCollector.execute(ThrowableCollector.java:73)
	at org.junit.platform.engine.support.hierarchical.NodeTestTask.executeRecursively(NodeTestTask.java:143)
	at org.junit.platform.engine.support.hierarchical.NodeTestTask.execute(NodeTestTask.java:100)
	at java.base/java.util.ArrayList.forEach(ArrayList.java:1596)
	at org.junit.platform.engine.support.hierarchical.SameThreadHierarchicalTestExecutorService.invokeAll(SameThreadHierarchicalTestExecutorService.java:41)
	at org.junit.platform.engine.support.hierarchical.NodeTestTask.lambda$executeRecursively$6(NodeTestTask.java:160)
	at org.junit.platform.engine.support.hierarchical.ThrowableCollector.execute(ThrowableCollector.java:73)
	at org.junit.platform.engine.support.hierarchical.NodeTestTask.lambda$executeRecursively$8(NodeTestTask.java:146)
	at org.junit.platform.engine.support.hierarchical.Node.around(Node.java:137)
	at org.junit.platform.engine.support.hierarchical.NodeTestTask.lambda$executeRecursively$9(NodeTestTask.java:144)
	at org.junit.platform.engine.support.hierarchical.ThrowableCollector.execute(ThrowableCollector.java:73)
	at org.junit.platform.engine.support.hierarchical.NodeTestTask.executeRecursively(NodeTestTask.java:143)
	at org.junit.platform.engine.support.hierarchical.NodeTestTask.execute(NodeTestTask.java:100)
	at org.junit.platform.engine.support.hierarchical.SameThreadHierarchicalTestExecutorService.submit(SameThreadHierarchicalTestExecutorService.java:35)
	at org.junit.platform.engine.support.hierarchical.HierarchicalTestExecutor.execute(HierarchicalTestExecutor.java:57)
	at org.junit.platform.engine.support.hierarchical.HierarchicalTestEngine.execute(HierarchicalTestEngine.java:54)
	at org.junit.platform.launcher.core.EngineExecutionOrchestrator.execute(EngineExecutionOrchestrator.java:198)
	at org.junit.platform.launcher.core.EngineExecutionOrchestrator.execute(EngineExecutionOrchestrator.java:169)
	at org.junit.platform.launcher.core.EngineExecutionOrchestrator.execute(EngineExecutionOrchestrator.java:93)
	at org.junit.platform.launcher.core.EngineExecutionOrchestrator.lambda$execute$0(EngineExecutionOrchestrator.java:58)
	at org.junit.platform.launcher.core.EngineExecutionOrchestrator.withInterceptedStreams(EngineExecutionOrchestrator.java:141)
	at org.junit.platform.launcher.core.EngineExecutionOrchestrator.execute(EngineExecutionOrchestrator.java:57)
	at org.junit.platform.launcher.core.DefaultLauncher.execute(DefaultLauncher.java:103)
	at org.junit.platform.launcher.core.DefaultLauncher.execute(DefaultLauncher.java:85)
	at org.junit.platform.launcher.core.DelegatingLauncher.execute(DelegatingLauncher.java:47)
	at org.gradle.api.internal.tasks.testing.junitplatform.JUnitPlatformTestClassProcessor$CollectAllTestClassesExecutor.processAllTestClasses(JUnitPlatformTestClassProcessor.java:124)
	at org.gradle.api.internal.tasks.testing.junitplatform.JUnitPlatformTestClassProcessor$CollectAllTestClassesExecutor.access$000(JUnitPlatformTestClassProcessor.java:99)
	at org.gradle.api.internal.tasks.testing.junitplatform.JUnitPlatformTestClassProcessor.stop(JUnitPlatformTestClassProcessor.java:94)
	at org.gradle.api.internal.tasks.testing.SuiteTestClassProcessor.stop(SuiteTestClassProcessor.java:63)
	at java.base/jdk.internal.reflect.DirectMethodHandleAccessor.invoke(DirectMethodHandleAccessor.java:103)
	at java.base/java.lang.reflect.Method.invoke(Method.java:580)
	at org.gradle.internal.dispatch.ReflectionDispatch.dispatch(ReflectionDispatch.java:36)
	at org.gradle.internal.dispatch.ReflectionDispatch.dispatch(ReflectionDispatch.java:24)
	at org.gradle.internal.dispatch.ContextClassLoaderDispatch.dispatch(ContextClassLoaderDispatch.java:33)
	at org.gradle.internal.dispatch.ProxyDispatchAdapter$DispatchingInvocationHandler.invoke(ProxyDispatchAdapter.java:92)
	at jdk.proxy2/jdk.proxy2.$Proxy6.stop(Unknown Source)
	at org.gradle.api.internal.tasks.testing.worker.TestWorker$3.run(TestWorker.java:200)
	at org.gradle.api.internal.tasks.testing.worker.TestWorker.executeAndMaintainThreadName(TestWorker.java:132)
	at org.gradle.api.internal.tasks.testing.worker.TestWorker.execute(TestWorker.java:103)
	at org.gradle.api.internal.tasks.testing.worker.TestWorker.execute(TestWorker.java:63)
	at org.gradle.process.internal.worker.child.ActionExecutionWorker.execute(ActionExecutionWorker.java:56)
	at org.gradle.process.internal.worker.child.SystemApplicationClassLoaderWorker.call(SystemApplicationClassLoaderWorker.java:122)
	at org.gradle.process.internal.worker.child.SystemApplicationClassLoaderWorker.call(SystemApplicationClassLoaderWorker.java:72)
	at worker.org.gradle.process.internal.worker.GradleWorkerMain.run(GradleWorkerMain.java:69)
	at worker.org.gradle.process.internal.worker.GradleWorkerMain.main(GradleWorkerMain.java:74)

[2025-11-12 20:24:56] [VisionModule - PipelineManager] [DEBUG] Duplicating pipe 0 to New Pipeline (1)
[2025-11-12 20:24:56] [VisionModule - PipelineManager] [DEBUG] Duplicating pipe 1 to Another (1)
[2025-11-12 20:24:56] [VisionModule - PipelineManager] [DEBUG] Duplicating pipe 3 to Another (2)
[2025-11-12 20:24:56] [VisionModule - PipelineManager] [DEBUG] Duplicating pipe 3 to Another (3)
[2025-11-12 20:24:56] [VisionModule - PipelineManager] [DEBUG] Duplicating pipe 1 to Another (4)
[2025-11-12 20:24:56] [VisionModule - PipelineManager] [DEBUG] Duplicating pipe 1 to Another (5)
[2025-11-12 20:24:56] [VisionModule - PipelineManager] [DEBUG] Duplicating pipe 1 to Another (6)
[2025-11-12 20:24:56] [VisionModule - PipelineManager] [DEBUG] Duplicating pipe 1 to Another (7)
[2025-11-12 20:24:56] [VisionModule - PipelineManager] [DEBUG] Duplicating pipe 1 to Another (8)
[2025-11-12 20:24:56] [VisionModule - PipelineManager] [DEBUG] Duplicating pipe 1 to Another (9)
[2025-11-12 20:24:56] [VisionModule - PipelineManager] [DEBUG] Duplicating pipe 1 to Another (10)
[2025-11-12 20:24:56] [VisionModule - PipelineManager] [DEBUG] Duplicating pipe 1 to Another (11)
[2025-11-12 20:24:56] [VisionModule - PipelineManager] [DEBUG] Duplicating pipe 1 to Another (12)
[2025-11-12 20:24:56] [VisionModule - PipelineManager] [DEBUG] Duplicating pipe 1 to Another (13)
[2025-11-12 20:24:56] [VisionModule - PipelineManager] [DEBUG] Duplicating pipe 1 to Another (14)
[2025-11-12 20:24:56] [Config - SqlConfigProvider] [DEBUG] Loading config...
[2025-11-12 20:24:56] [Config - SqlConfigProvider] [ERROR] Could not deserialize apriltag layout! Loading defaults: Provided empty string for class edu.wpi.first.apriltag.AprilTagFieldLayout
[2025-11-12 20:24:56] [Config - SqlConfigProvider] [ERROR] org.eclipse.jetty.io.EofException: Provided empty string for class edu.wpi.first.apriltag.AprilTagFieldLayout
	at org.photonvision.common.util.file.JacksonUtils.deserialize(JacksonUtils.java:136)
	at org.photonvision.common.configuration.SqlConfigProvider.load(SqlConfigProvider.java:298)
	at org.photonvision.common.configuration.ConfigManager.load(ConfigManager.java:198)
	at org.photonvision.vision.processes.PipelineManagerTest.testChangeType(PipelineManagerTest.java:72)
	at java.base/jdk.internal.reflect.DirectMethodHandleAccessor.invoke(DirectMethodHandleAccessor.java:103)
	at java.base/java.lang.reflect.Method.invoke(Method.java:580)
	at org.junit.platform.commons.util.ReflectionUtils.invokeMethod(ReflectionUtils.java:767)
	at org.junit.jupiter.engine.execution.MethodInvocation.proceed(MethodInvocation.java:60)
	at org.junit.jupiter.engine.execution.InvocationInterceptorChain$ValidatingInvocation.proceed(InvocationInterceptorChain.java:131)
	at org.junit.jupiter.engine.extension.TimeoutExtension.intercept(TimeoutExtension.java:156)
	at org.junit.jupiter.engine.extension.TimeoutExtension.interceptTestableMethod(TimeoutExtension.java:147)
	at org.junit.jupiter.engine.extension.TimeoutExtension.interceptTestMethod(TimeoutExtension.java:86)
	at org.junit.jupiter.engine.execution.InterceptingExecutableInvoker$ReflectiveInterceptorCall.lambda$ofVoidMethod$0(InterceptingExecutableInvoker.java:103)
	at org.junit.jupiter.engine.execution.InterceptingExecutableInvoker.lambda$invoke$0(InterceptingExecutableInvoker.java:93)
	at org.junit.jupiter.engine.execution.InvocationInterceptorChain$InterceptedInvocation.proceed(InvocationInterceptorChain.java:106)
	at org.junit.jupiter.engine.execution.InvocationInterceptorChain.proceed(InvocationInterceptorChain.java:64)
	at org.junit.jupiter.engine.execution.InvocationInterceptorChain.chainAndInvoke(InvocationInterceptorChain.java:45)
	at org.junit.jupiter.engine.execution.InvocationInterceptorChain.invoke(InvocationInterceptorChain.java:37)
	at org.junit.jupiter.engine.execution.InterceptingExecutableInvoker.invoke(InterceptingExecutableInvoker.java:92)
	at org.junit.jupiter.engine.execution.InterceptingExecutableInvoker.invoke(InterceptingExecutableInvoker.java:86)
	at org.junit.jupiter.engine.descriptor.TestMethodTestDescriptor.lambda$invokeTestMethod$8(TestMethodTestDescriptor.java:217)
	at org.junit.platform.engine.support.hierarchical.ThrowableCollector.execute(ThrowableCollector.java:73)
	at org.junit.jupiter.engine.descriptor.TestMethodTestDescriptor.invokeTestMethod(TestMethodTestDescriptor.java:213)
	at org.junit.jupiter.engine.descriptor.TestMethodTestDescriptor.execute(TestMethodTestDescriptor.java:138)
	at org.junit.jupiter.engine.descriptor.TestMethodTestDescriptor.execute(TestMethodTestDescriptor.java:68)
	at org.junit.platform.engine.support.hierarchical.NodeTestTask.lambda$executeRecursively$6(NodeTestTask.java:156)
	at org.junit.platform.engine.support.hierarchical.ThrowableCollector.execute(ThrowableCollector.java:73)
	at org.junit.platform.engine.support.hierarchical.NodeTestTask.lambda$executeRecursively$8(NodeTestTask.java:146)
	at org.junit.platform.engine.support.hierarchical.Node.around(Node.java:137)
	at org.junit.platform.engine.support.hierarchical.NodeTestTask.lambda$executeRecursively$9(NodeTestTask.java:144)
	at org.junit.platform.engine.support.hierarchical.ThrowableCollector.execute(ThrowableCollector.java:73)
	at org.junit.platform.engine.support.hierarchical.NodeTestTask.executeRecursively(NodeTestTask.java:143)
	at org.junit.platform.engine.support.hierarchical.NodeTestTask.execute(NodeTestTask.java:100)
	at java.base/java.util.ArrayList.forEach(ArrayList.java:1596)
	at org.junit.platform.engine.support.hierarchical.SameThreadHierarchicalTestExecutorService.invokeAll(SameThreadHierarchicalTestExecutorService.java:41)
	at org.junit.platform.engine.support.hierarchical.NodeTestTask.lambda$executeRecursively$6(NodeTestTask.java:160)
	at org.junit.platform.engine.support.hierarchical.ThrowableCollector.execute(ThrowableCollector.java:73)
	at org.junit.platform.engine.support.hierarchical.NodeTestTask.lambda$executeRecursively$8(NodeTestTask.java:146)
	at org.junit.platform.engine.support.hierarchical.Node.around(Node.java:137)
	at org.junit.platform.engine.support.hierarchical.NodeTestTask.lambda$executeRecursively$9(NodeTestTask.java:144)
	at org.junit.platform.engine.support.hierarchical.ThrowableCollector.execute(ThrowableCollector.java:73)
	at org.junit.platform.engine.support.hierarchical.NodeTestTask.executeRecursively(NodeTestTask.java:143)
	at org.junit.platform.engine.support.hierarchical.NodeTestTask.execute(NodeTestTask.java:100)
	at java.base/java.util.ArrayList.forEach(ArrayList.java:1596)
	at org.junit.platform.engine.support.hierarchical.SameThreadHierarchicalTestExecutorService.invokeAll(SameThreadHierarchicalTestExecutorService.java:41)
	at org.junit.platform.engine.support.hierarchical.NodeTestTask.lambda$executeRecursively$6(NodeTestTask.java:160)
	at org.junit.platform.engine.support.hierarchical.ThrowableCollector.execute(ThrowableCollector.java:73)
	at org.junit.platform.engine.support.hierarchical.NodeTestTask.lambda$executeRecursively$8(NodeTestTask.java:146)
	at org.junit.platform.engine.support.hierarchical.Node.around(Node.java:137)
	at org.junit.platform.engine.support.hierarchical.NodeTestTask.lambda$executeRecursively$9(NodeTestTask.java:144)
	at org.junit.platform.engine.support.hierarchical.ThrowableCollector.execute(ThrowableCollector.java:73)
	at org.junit.platform.engine.support.hierarchical.NodeTestTask.executeRecursively(NodeTestTask.java:143)
	at org.junit.platform.engine.support.hierarchical.NodeTestTask.execute(NodeTestTask.java:100)
	at org.junit.platform.engine.support.hierarchical.SameThreadHierarchicalTestExecutorService.submit(SameThreadHierarchicalTestExecutorService.java:35)
	at org.junit.platform.engine.support.hierarchical.HierarchicalTestExecutor.execute(HierarchicalTestExecutor.java:57)
	at org.junit.platform.engine.support.hierarchical.HierarchicalTestEngine.execute(HierarchicalTestEngine.java:54)
	at org.junit.platform.launcher.core.EngineExecutionOrchestrator.execute(EngineExecutionOrchestrator.java:198)
	at org.junit.platform.launcher.core.EngineExecutionOrchestrator.execute(EngineExecutionOrchestrator.java:169)
	at org.junit.platform.launcher.core.EngineExecutionOrchestrator.execute(EngineExecutionOrchestrator.java:93)
	at org.junit.platform.launcher.core.EngineExecutionOrchestrator.lambda$execute$0(EngineExecutionOrchestrator.java:58)
	at org.junit.platform.launcher.core.EngineExecutionOrchestrator.withInterceptedStreams(EngineExecutionOrchestrator.java:141)
	at org.junit.platform.launcher.core.EngineExecutionOrchestrator.execute(EngineExecutionOrchestrator.java:57)
	at org.junit.platform.launcher.core.DefaultLauncher.execute(DefaultLauncher.java:103)
	at org.junit.platform.launcher.core.DefaultLauncher.execute(DefaultLauncher.java:85)
	at org.junit.platform.launcher.core.DelegatingLauncher.execute(DelegatingLauncher.java:47)
	at org.gradle.api.internal.tasks.testing.junitplatform.JUnitPlatformTestClassProcessor$CollectAllTestClassesExecutor.processAllTestClasses(JUnitPlatformTestClassProcessor.java:124)
	at org.gradle.api.internal.tasks.testing.junitplatform.JUnitPlatformTestClassProcessor$CollectAllTestClassesExecutor.access$000(JUnitPlatformTestClassProcessor.java:99)
	at org.gradle.api.internal.tasks.testing.junitplatform.JUnitPlatformTestClassProcessor.stop(JUnitPlatformTestClassProcessor.java:94)
	at org.gradle.api.internal.tasks.testing.SuiteTestClassProcessor.stop(SuiteTestClassProcessor.java:63)
	at java.base/jdk.internal.reflect.DirectMethodHandleAccessor.invoke(DirectMethodHandleAccessor.java:103)
	at java.base/java.lang.reflect.Method.invoke(Method.java:580)
	at org.gradle.internal.dispatch.ReflectionDispatch.dispatch(ReflectionDispatch.java:36)
	at org.gradle.internal.dispatch.ReflectionDispatch.dispatch(ReflectionDispatch.java:24)
	at org.gradle.internal.dispatch.ContextClassLoaderDispatch.dispatch(ContextClassLoaderDispatch.java:33)
	at org.gradle.internal.dispatch.ProxyDispatchAdapter$DispatchingInvocationHandler.invoke(ProxyDispatchAdapter.java:92)
	at jdk.proxy2/jdk.proxy2.$Proxy6.stop(Unknown Source)
	at org.gradle.api.internal.tasks.testing.worker.TestWorker$3.run(TestWorker.java:200)
	at org.gradle.api.internal.tasks.testing.worker.TestWorker.executeAndMaintainThreadName(TestWorker.java:132)
	at org.gradle.api.internal.tasks.testing.worker.TestWorker.execute(TestWorker.java:103)
	at org.gradle.api.internal.tasks.testing.worker.TestWorker.execute(TestWorker.java:63)
	at org.gradle.process.internal.worker.child.ActionExecutionWorker.execute(ActionExecutionWorker.java:56)
	at org.gradle.process.internal.worker.child.SystemApplicationClassLoaderWorker.call(SystemApplicationClassLoaderWorker.java:122)
	at org.gradle.process.internal.worker.child.SystemApplicationClassLoaderWorker.call(SystemApplicationClassLoaderWorker.java:72)
	at worker.org.gradle.process.internal.worker.GradleWorkerMain.run(GradleWorkerMain.java:69)
	at worker.org.gradle.process.internal.worker.GradleWorkerMain.main(GradleWorkerMain.java:74)

[2025-11-12 20:24:56] [VisionModule - PipelineManager] [DEBUG] Creating AprilTag pipeline
[2025-11-12 20:24:56] [General - NetworkUtils] [ERROR] Unable to identify network interfaces!
[2025-11-12 20:24:56] [VisionModule - PipelineManager] [DEBUG] setting hsvHue to org.photonvision.common.util.numbers.IntegerCouple@e47637c
[2025-11-12 20:24:56] [VisionModule - PipelineManager] [DEBUG] setting hsvSaturation to org.photonvision.common.util.numbers.IntegerCouple@606f0f70
[2025-11-12 20:24:56] [VisionModule - PipelineManager] [DEBUG] setting hsvValue to org.photonvision.common.util.numbers.IntegerCouple@1a53ac0c
[2025-11-12 20:24:56] [VisionModule - PipelineManager] [DEBUG] setting hueInverted to false
[2025-11-12 20:24:56] [VisionModule - PipelineManager] [DEBUG] setting outputShouldDraw to true
[2025-11-12 20:24:56] [VisionModule - PipelineManager] [DEBUG] setting outputShowMultipleTargets to true
[2025-11-12 20:24:56] [VisionModule - PipelineManager] [DEBUG] setting contourArea to org.photonvision.common.util.numbers.DoubleCouple@7fdf7359
[2025-11-12 20:24:56] [VisionModule - PipelineManager] [DEBUG] setting contourRatio to org.photonvision.common.util.numbers.DoubleCouple@4a36a35d
[2025-11-12 20:24:56] [VisionModule - PipelineManager] [DEBUG] setting contourFullness to org.photonvision.common.util.numbers.DoubleCouple@52ba21e4
[2025-11-12 20:24:56] [VisionModule - PipelineManager] [DEBUG] setting contourSpecklePercentage to 5
[2025-11-12 20:24:56] [VisionModule - PipelineManager] [DEBUG] setting contourSortMode to Largest
[2025-11-12 20:24:56] [VisionModule - PipelineManager] [DEBUG] setting contourTargetOffsetPointEdge to Center
[2025-11-12 20:24:56] [VisionModule - PipelineManager] [DEBUG] setting contourTargetOrientation to Landscape
[2025-11-12 20:24:56] [VisionModule - PipelineManager] [DEBUG] setting offsetRobotOffsetMode to None
[2025-11-12 20:24:56] [VisionModule - PipelineManager] [DEBUG] setting offsetSinglePoint to {0.0, 0.0}
[2025-11-12 20:24:56] [VisionModule - PipelineManager] [DEBUG] setting offsetDualPointA to {0.0, 0.0}
[2025-11-12 20:24:56] [VisionModule - PipelineManager] [DEBUG] setting offsetDualPointAArea to 0.0
[2025-11-12 20:24:56] [VisionModule - PipelineManager] [DEBUG] setting offsetDualPointB to {0.0, 0.0}
[2025-11-12 20:24:56] [VisionModule - PipelineManager] [DEBUG] setting offsetDualPointBArea to 0.0
[2025-11-12 20:24:56] [VisionModule - PipelineManager] [DEBUG] setting contourGroupingMode to Single
[2025-11-12 20:24:56] [VisionModule - PipelineManager] [DEBUG] setting contourIntersection to Up
[2025-11-12 20:24:56] [VisionModule - PipelineManager] [DEBUG] setting solvePNPEnabled to false
[2025-11-12 20:24:56] [VisionModule - PipelineManager] [DEBUG] setting cornerDetectionStrategy to APPROX_POLY_DP_AND_EXTREME_CORNERS
[2025-11-12 20:24:56] [VisionModule - PipelineManager] [DEBUG] setting cornerDetectionUseConvexHulls to true
[2025-11-12 20:24:56] [VisionModule - PipelineManager] [DEBUG] setting cornerDetectionExactSideCount to false
[2025-11-12 20:24:56] [VisionModule - PipelineManager] [DEBUG] setting cornerDetectionSideCount to 4
[2025-11-12 20:24:56] [VisionModule - PipelineManager] [DEBUG] setting cornerDetectionAccuracyPercentage to 10.0
[2025-11-12 20:24:56] [VisionModule - PipelineManager] [DEBUG] setting pipelineIndex to 0
[2025-11-12 20:24:56] [VisionModule - PipelineManager] [DEBUG] setting inputImageRotationMode to DEG_0
[2025-11-12 20:24:56] [VisionModule - PipelineManager] [DEBUG] setting pipelineNickname to New Pipeline
[2025-11-12 20:24:56] [VisionModule - PipelineManager] [DEBUG] setting cameraAutoExposure to false
[2025-11-12 20:24:56] [VisionModule - PipelineManager] [DEBUG] setting cameraExposureRaw to 20.0
[2025-11-12 20:24:56] [VisionModule - PipelineManager] [DEBUG] setting cameraMinExposureRaw to 1.0
[2025-11-12 20:24:56] [VisionModule - PipelineManager] [DEBUG] setting cameraMaxExposureRaw to 100.0
[2025-11-12 20:24:56] [VisionModule - PipelineManager] [DEBUG] setting cameraBrightness to 50
[2025-11-12 20:24:56] [VisionModule - PipelineManager] [DEBUG] setting cameraGain to 75
[2025-11-12 20:24:56] [VisionModule - PipelineManager] [DEBUG] setting cameraRedGain to 11
[2025-11-12 20:24:56] [VisionModule - PipelineManager] [DEBUG] setting cameraBlueGain to 20
[2025-11-12 20:24:56] [VisionModule - PipelineManager] [DEBUG] setting cameraVideoModeIndex to 0
[2025-11-12 20:24:56] [VisionModule - PipelineManager] [DEBUG] setting streamingFrameDivisor to NONE
[2025-11-12 20:24:56] [VisionModule - PipelineManager] [DEBUG] setting ledMode to false
[2025-11-12 20:24:56] [VisionModule - PipelineManager] [DEBUG] setting inputShouldShow to false
[2025-11-12 20:24:56] [VisionModule - PipelineManager] [DEBUG] setting outputShouldShow to true
[2025-11-12 20:24:56] [VisionModule - PipelineManager] [DEBUG] setting cameraAutoWhiteBalance to false
[2025-11-12 20:24:56] [VisionModule - PipelineManager] [DEBUG] setting cameraWhiteBalanceTemp to 4000.0
[2025-11-12 20:24:56] [VisionModule - PipelineManager] [INFO] Adding new pipe of type Aruco at idx 0
[2025-11-12 20:24:56] [VisionModule - PipelineManager] [DEBUG] Creating Aruco Pipeline
[2025-11-12 20:24:56] [Config - SqlConfigProvider] [DEBUG] Loading config...
[2025-11-12 20:24:56] [Config - SqlConfigProvider] [ERROR] Could not deserialize apriltag layout! Loading defaults: Provided empty string for class edu.wpi.first.apriltag.AprilTagFieldLayout
[2025-11-12 20:24:56] [Config - SqlConfigProvider] [ERROR] org.eclipse.jetty.io.EofException: Provided empty string for class edu.wpi.first.apriltag.AprilTagFieldLayout
	at org.photonvision.common.util.file.JacksonUtils.deserialize(JacksonUtils.java:136)
	at org.photonvision.common.configuration.SqlConfigProvider.load(SqlConfigProvider.java:298)
	at org.photonvision.common.configuration.ConfigManager.load(ConfigManager.java:198)
	at org.photonvision.vision.processes.VisionModuleManagerTest.setupManager(VisionModuleManagerTest.java:164)
	at java.base/jdk.internal.reflect.DirectMethodHandleAccessor.invoke(DirectMethodHandleAccessor.java:103)
	at java.base/java.lang.reflect.Method.invoke(Method.java:580)
	at org.junit.platform.commons.util.ReflectionUtils.invokeMethod(ReflectionUtils.java:767)
	at org.junit.jupiter.engine.execution.MethodInvocation.proceed(MethodInvocation.java:60)
	at org.junit.jupiter.engine.execution.InvocationInterceptorChain$ValidatingInvocation.proceed(InvocationInterceptorChain.java:131)
	at org.junit.jupiter.engine.extension.TimeoutExtension.intercept(TimeoutExtension.java:156)
	at org.junit.jupiter.engine.extension.TimeoutExtension.interceptTestableMethod(TimeoutExtension.java:147)
	at org.junit.jupiter.engine.extension.TimeoutExtension.interceptTestMethod(TimeoutExtension.java:86)
	at org.junit.jupiter.engine.execution.InterceptingExecutableInvoker$ReflectiveInterceptorCall.lambda$ofVoidMethod$0(InterceptingExecutableInvoker.java:103)
	at org.junit.jupiter.engine.execution.InterceptingExecutableInvoker.lambda$invoke$0(InterceptingExecutableInvoker.java:93)
	at org.junit.jupiter.engine.execution.InvocationInterceptorChain$InterceptedInvocation.proceed(InvocationInterceptorChain.java:106)
	at org.junit.jupiter.engine.execution.InvocationInterceptorChain.proceed(InvocationInterceptorChain.java:64)
	at org.junit.jupiter.engine.execution.InvocationInterceptorChain.chainAndInvoke(InvocationInterceptorChain.java:45)
	at org.junit.jupiter.engine.execution.InvocationInterceptorChain.invoke(InvocationInterceptorChain.java:37)
	at org.junit.jupiter.engine.execution.InterceptingExecutableInvoker.invoke(InterceptingExecutableInvoker.java:92)
	at org.junit.jupiter.engine.execution.InterceptingExecutableInvoker.invoke(InterceptingExecutableInvoker.java:86)
	at org.junit.jupiter.engine.descriptor.TestMethodTestDescriptor.lambda$invokeTestMethod$8(TestMethodTestDescriptor.java:217)
	at org.junit.platform.engine.support.hierarchical.ThrowableCollector.execute(ThrowableCollector.java:73)
	at org.junit.jupiter.engine.descriptor.TestMethodTestDescriptor.invokeTestMethod(TestMethodTestDescriptor.java:213)
	at org.junit.jupiter.engine.descriptor.TestMethodTestDescriptor.execute(TestMethodTestDescriptor.java:138)
	at org.junit.jupiter.engine.descriptor.TestMethodTestDescriptor.execute(TestMethodTestDescriptor.java:68)
	at org.junit.platform.engine.support.hierarchical.NodeTestTask.lambda$executeRecursively$6(NodeTestTask.java:156)
	at org.junit.platform.engine.support.hierarchical.ThrowableCollector.execute(ThrowableCollector.java:73)
	at org.junit.platform.engine.support.hierarchical.NodeTestTask.lambda$executeRecursively$8(NodeTestTask.java:146)
	at org.junit.platform.engine.support.hierarchical.Node.around(Node.java:137)
	at org.junit.platform.engine.support.hierarchical.NodeTestTask.lambda$executeRecursively$9(NodeTestTask.java:144)
	at org.junit.platform.engine.support.hierarchical.ThrowableCollector.execute(ThrowableCollector.java:73)
	at org.junit.platform.engine.support.hierarchical.NodeTestTask.executeRecursively(NodeTestTask.java:143)
	at org.junit.platform.engine.support.hierarchical.NodeTestTask.execute(NodeTestTask.java:100)
	at java.base/java.util.ArrayList.forEach(ArrayList.java:1596)
	at org.junit.platform.engine.support.hierarchical.SameThreadHierarchicalTestExecutorService.invokeAll(SameThreadHierarchicalTestExecutorService.java:41)
	at org.junit.platform.engine.support.hierarchical.NodeTestTask.lambda$executeRecursively$6(NodeTestTask.java:160)
	at org.junit.platform.engine.support.hierarchical.ThrowableCollector.execute(ThrowableCollector.java:73)
	at org.junit.platform.engine.support.hierarchical.NodeTestTask.lambda$executeRecursively$8(NodeTestTask.java:146)
	at org.junit.platform.engine.support.hierarchical.Node.around(Node.java:137)
	at org.junit.platform.engine.support.hierarchical.NodeTestTask.lambda$executeRecursively$9(NodeTestTask.java:144)
	at org.junit.platform.engine.support.hierarchical.ThrowableCollector.execute(ThrowableCollector.java:73)
	at org.junit.platform.engine.support.hierarchical.NodeTestTask.executeRecursively(NodeTestTask.java:143)
	at org.junit.platform.engine.support.hierarchical.NodeTestTask.execute(NodeTestTask.java:100)
	at java.base/java.util.ArrayList.forEach(ArrayList.java:1596)
	at org.junit.platform.engine.support.hierarchical.SameThreadHierarchicalTestExecutorService.invokeAll(SameThreadHierarchicalTestExecutorService.java:41)
	at org.junit.platform.engine.support.hierarchical.NodeTestTask.lambda$executeRecursively$6(NodeTestTask.java:160)
	at org.junit.platform.engine.support.hierarchical.ThrowableCollector.execute(ThrowableCollector.java:73)
	at org.junit.platform.engine.support.hierarchical.NodeTestTask.lambda$executeRecursively$8(NodeTestTask.java:146)
	at org.junit.platform.engine.support.hierarchical.Node.around(Node.java:137)
	at org.junit.platform.engine.support.hierarchical.NodeTestTask.lambda$executeRecursively$9(NodeTestTask.java:144)
	at org.junit.platform.engine.support.hierarchical.ThrowableCollector.execute(ThrowableCollector.java:73)
	at org.junit.platform.engine.support.hierarchical.NodeTestTask.executeRecursively(NodeTestTask.java:143)
	at org.junit.platform.engine.support.hierarchical.NodeTestTask.execute(NodeTestTask.java:100)
	at org.junit.platform.engine.support.hierarchical.SameThreadHierarchicalTestExecutorService.submit(SameThreadHierarchicalTestExecutorService.java:35)
	at org.junit.platform.engine.support.hierarchical.HierarchicalTestExecutor.execute(HierarchicalTestExecutor.java:57)
	at org.junit.platform.engine.support.hierarchical.HierarchicalTestEngine.execute(HierarchicalTestEngine.java:54)
	at org.junit.platform.launcher.core.EngineExecutionOrchestrator.execute(EngineExecutionOrchestrator.java:198)
	at org.junit.platform.launcher.core.EngineExecutionOrchestrator.execute(EngineExecutionOrchestrator.java:169)
	at org.junit.platform.launcher.core.EngineExecutionOrchestrator.execute(EngineExecutionOrchestrator.java:93)
	at org.junit.platform.launcher.core.EngineExecutionOrchestrator.lambda$execute$0(EngineExecutionOrchestrator.java:58)
	at org.junit.platform.launcher.core.EngineExecutionOrchestrator.withInterceptedStreams(EngineExecutionOrchestrator.java:141)
	at org.junit.platform.launcher.core.EngineExecutionOrchestrator.execute(EngineExecutionOrchestrator.java:57)
	at org.junit.platform.launcher.core.DefaultLauncher.execute(DefaultLauncher.java:103)
	at org.junit.platform.launcher.core.DefaultLauncher.execute(DefaultLauncher.java:85)
	at org.junit.platform.launcher.core.DelegatingLauncher.execute(DelegatingLauncher.java:47)
	at org.gradle.api.internal.tasks.testing.junitplatform.JUnitPlatformTestClassProcessor$CollectAllTestClassesExecutor.processAllTestClasses(JUnitPlatformTestClassProcessor.java:124)
	at org.gradle.api.internal.tasks.testing.junitplatform.JUnitPlatformTestClassProcessor$CollectAllTestClassesExecutor.access$000(JUnitPlatformTestClassProcessor.java:99)
	at org.gradle.api.internal.tasks.testing.junitplatform.JUnitPlatformTestClassProcessor.stop(JUnitPlatformTestClassProcessor.java:94)
	at org.gradle.api.internal.tasks.testing.SuiteTestClassProcessor.stop(SuiteTestClassProcessor.java:63)
	at java.base/jdk.internal.reflect.DirectMethodHandleAccessor.invoke(DirectMethodHandleAccessor.java:103)
	at java.base/java.lang.reflect.Method.invoke(Method.java:580)
	at org.gradle.internal.dispatch.ReflectionDispatch.dispatch(ReflectionDispatch.java:36)
	at org.gradle.internal.dispatch.ReflectionDispatch.dispatch(ReflectionDispatch.java:24)
	at org.gradle.internal.dispatch.ContextClassLoaderDispatch.dispatch(ContextClassLoaderDispatch.java:33)
	at org.gradle.internal.dispatch.ProxyDispatchAdapter$DispatchingInvocationHandler.invoke(ProxyDispatchAdapter.java:92)
	at jdk.proxy2/jdk.proxy2.$Proxy6.stop(Unknown Source)
	at org.gradle.api.internal.tasks.testing.worker.TestWorker$3.run(TestWorker.java:200)
	at org.gradle.api.internal.tasks.testing.worker.TestWorker.executeAndMaintainThreadName(TestWorker.java:132)
	at org.gradle.api.internal.tasks.testing.worker.TestWorker.execute(TestWorker.java:103)
	at org.gradle.api.internal.tasks.testing.worker.TestWorker.execute(TestWorker.java:63)
	at org.gradle.process.internal.worker.child.ActionExecutionWorker.execute(ActionExecutionWorker.java:56)
	at org.gradle.process.internal.worker.child.SystemApplicationClassLoaderWorker.call(SystemApplicationClassLoaderWorker.java:122)
	at org.gradle.process.internal.worker.child.SystemApplicationClassLoaderWorker.call(SystemApplicationClassLoaderWorker.java:72)
	at worker.org.gradle.process.internal.worker.GradleWorkerMain.run(GradleWorkerMain.java:69)
	at worker.org.gradle.process.internal.worker.GradleWorkerMain.main(GradleWorkerMain.java:74)

[2025-11-12 20:24:56] [VisionModule - PipelineManager] [DEBUG] Creating AprilTag pipeline
[2025-11-12 20:24:56] [WebServer - DataChangeService] [DEBUG] Added subscriber - Sources: DCS_WEBSOCKET, DCS_HTTP, DCS_NETWORKTABLES, DCS_VISIONMODULE, DCS_OTHER, Destinations: DCD_ACTIVEMODULE, DCD_ACTIVEPIPELINESETTINGS, DCD_GENSETTINGS, DCD_UI, DCD_WEBSERVER, DCD_OTHER
[2025-11-12 20:24:56] [VisionModule - VisionModule - Bar] [INFO] Setting pipeline to 0
[2025-11-12 20:24:56] [VisionModule - VisionModule - Bar] [INFO] Pipeline name: New Pipeline
[2025-11-12 20:24:56] [General - MetricsManager] [ERROR] Failed to parse NPU usage value: : empty String
[2025-11-12 20:24:56] [General - MetricsManager] [ERROR] java.lang.NumberFormatException: empty String
	at java.base/jdk.internal.math.FloatingDecimal.readJavaFormatString(FloatingDecimal.java:1842)
	at java.base/jdk.internal.math.FloatingDecimal.parseDouble(FloatingDecimal.java:110)
	at java.base/java.lang.Double.parseDouble(Double.java:792)
	at org.photonvision.common.hardware.metrics.MetricsManager.getNpuUsage(MetricsManager.java:206)
	at org.photonvision.common.hardware.metrics.MetricsManager.publishMetrics(MetricsManager.java:268)
	at org.photonvision.common.util.TimedTaskManager$CaughtScheduledThreadPoolExecutor.lambda$wrap$0(TimedTaskManager.java:56)
	at java.base/java.util.concurrent.Executors$RunnableAdapter.call(Executors.java:572)
	at java.base/java.util.concurrent.FutureTask.runAndReset(FutureTask.java:358)
	at java.base/java.util.concurrent.ScheduledThreadPoolExecutor$ScheduledFutureTask.run(ScheduledThreadPoolExecutor.java:305)
	at java.base/java.util.concurrent.ThreadPoolExecutor.runWorker(ThreadPoolExecutor.java:1144)
	at java.base/java.util.concurrent.ThreadPoolExecutor$Worker.run(ThreadPoolExecutor.java:642)
	at java.base/java.lang.Thread.run(Thread.java:1583)

[2025-11-12 20:24:56] [VisionModule - VisionSourceSettables - Bar] [INFO] Setting video mode to FPS: 254 Width: 320 Height: 240 Pixel Format: kUnknown
[2025-11-12 20:24:57] [Config - ConfigManager] [DEBUG] Saving to disk...
[2025-11-12 20:24:57] [Config - SqlConfigProvider] [DEBUG] Saving to disk
[2025-11-12 20:24:57] [Config - SqlConfigProvider] [INFO] Settings saved!
[2025-11-12 20:24:58] [Config - SqlConfigProvider] [DEBUG] Loading config...
[2025-11-12 20:24:58] [Config - SqlConfigProvider] [ERROR] Could not deserialize apriltag layout! Loading defaults: Provided empty string for class edu.wpi.first.apriltag.AprilTagFieldLayout
[2025-11-12 20:24:58] [Config - SqlConfigProvider] [ERROR] org.eclipse.jetty.io.EofException: Provided empty string for class edu.wpi.first.apriltag.AprilTagFieldLayout
	at org.photonvision.common.util.file.JacksonUtils.deserialize(JacksonUtils.java:136)
	at org.photonvision.common.configuration.SqlConfigProvider.load(SqlConfigProvider.java:298)
	at org.photonvision.common.configuration.ConfigManager.load(ConfigManager.java:198)
	at org.photonvision.vision.processes.VisionModuleManagerTest.testMultipleStreamIndex(VisionModuleManagerTest.java:191)
	at java.base/jdk.internal.reflect.DirectMethodHandleAccessor.invoke(DirectMethodHandleAccessor.java:103)
	at java.base/java.lang.reflect.Method.invoke(Method.java:580)
	at org.junit.platform.commons.util.ReflectionUtils.invokeMethod(ReflectionUtils.java:767)
	at org.junit.jupiter.engine.execution.MethodInvocation.proceed(MethodInvocation.java:60)
	at org.junit.jupiter.engine.execution.InvocationInterceptorChain$ValidatingInvocation.proceed(InvocationInterceptorChain.java:131)
	at org.junit.jupiter.engine.extension.TimeoutExtension.intercept(TimeoutExtension.java:156)
	at org.junit.jupiter.engine.extension.TimeoutExtension.interceptTestableMethod(TimeoutExtension.java:147)
	at org.junit.jupiter.engine.extension.TimeoutExtension.interceptTestMethod(TimeoutExtension.java:86)
	at org.junit.jupiter.engine.execution.InterceptingExecutableInvoker$ReflectiveInterceptorCall.lambda$ofVoidMethod$0(InterceptingExecutableInvoker.java:103)
	at org.junit.jupiter.engine.execution.InterceptingExecutableInvoker.lambda$invoke$0(InterceptingExecutableInvoker.java:93)
	at org.junit.jupiter.engine.execution.InvocationInterceptorChain$InterceptedInvocation.proceed(InvocationInterceptorChain.java:106)
	at org.junit.jupiter.engine.execution.InvocationInterceptorChain.proceed(InvocationInterceptorChain.java:64)
	at org.junit.jupiter.engine.execution.InvocationInterceptorChain.chainAndInvoke(InvocationInterceptorChain.java:45)
	at org.junit.jupiter.engine.execution.InvocationInterceptorChain.invoke(InvocationInterceptorChain.java:37)
	at org.junit.jupiter.engine.execution.InterceptingExecutableInvoker.invoke(InterceptingExecutableInvoker.java:92)
	at org.junit.jupiter.engine.execution.InterceptingExecutableInvoker.invoke(InterceptingExecutableInvoker.java:86)
	at org.junit.jupiter.engine.descriptor.TestMethodTestDescriptor.lambda$invokeTestMethod$8(TestMethodTestDescriptor.java:217)
	at org.junit.platform.engine.support.hierarchical.ThrowableCollector.execute(ThrowableCollector.java:73)
	at org.junit.jupiter.engine.descriptor.TestMethodTestDescriptor.invokeTestMethod(TestMethodTestDescriptor.java:213)
	at org.junit.jupiter.engine.descriptor.TestMethodTestDescriptor.execute(TestMethodTestDescriptor.java:138)
	at org.junit.jupiter.engine.descriptor.TestMethodTestDescriptor.execute(TestMethodTestDescriptor.java:68)
	at org.junit.platform.engine.support.hierarchical.NodeTestTask.lambda$executeRecursively$6(NodeTestTask.java:156)
	at org.junit.platform.engine.support.hierarchical.ThrowableCollector.execute(ThrowableCollector.java:73)
	at org.junit.platform.engine.support.hierarchical.NodeTestTask.lambda$executeRecursively$8(NodeTestTask.java:146)
	at org.junit.platform.engine.support.hierarchical.Node.around(Node.java:137)
	at org.junit.platform.engine.support.hierarchical.NodeTestTask.lambda$executeRecursively$9(NodeTestTask.java:144)
	at org.junit.platform.engine.support.hierarchical.ThrowableCollector.execute(ThrowableCollector.java:73)
	at org.junit.platform.engine.support.hierarchical.NodeTestTask.executeRecursively(NodeTestTask.java:143)
	at org.junit.platform.engine.support.hierarchical.NodeTestTask.execute(NodeTestTask.java:100)
	at java.base/java.util.ArrayList.forEach(ArrayList.java:1596)
	at org.junit.platform.engine.support.hierarchical.SameThreadHierarchicalTestExecutorService.invokeAll(SameThreadHierarchicalTestExecutorService.java:41)
	at org.junit.platform.engine.support.hierarchical.NodeTestTask.lambda$executeRecursively$6(NodeTestTask.java:160)
	at org.junit.platform.engine.support.hierarchical.ThrowableCollector.execute(ThrowableCollector.java:73)
	at org.junit.platform.engine.support.hierarchical.NodeTestTask.lambda$executeRecursively$8(NodeTestTask.java:146)
	at org.junit.platform.engine.support.hierarchical.Node.around(Node.java:137)
	at org.junit.platform.engine.support.hierarchical.NodeTestTask.lambda$executeRecursively$9(NodeTestTask.java:144)
	at org.junit.platform.engine.support.hierarchical.ThrowableCollector.execute(ThrowableCollector.java:73)
	at org.junit.platform.engine.support.hierarchical.NodeTestTask.executeRecursively(NodeTestTask.java:143)
	at org.junit.platform.engine.support.hierarchical.NodeTestTask.execute(NodeTestTask.java:100)
	at java.base/java.util.ArrayList.forEach(ArrayList.java:1596)
	at org.junit.platform.engine.support.hierarchical.SameThreadHierarchicalTestExecutorService.invokeAll(SameThreadHierarchicalTestExecutorService.java:41)
	at org.junit.platform.engine.support.hierarchical.NodeTestTask.lambda$executeRecursively$6(NodeTestTask.java:160)
	at org.junit.platform.engine.support.hierarchical.ThrowableCollector.execute(ThrowableCollector.java:73)
	at org.junit.platform.engine.support.hierarchical.NodeTestTask.lambda$executeRecursively$8(NodeTestTask.java:146)
	at org.junit.platform.engine.support.hierarchical.Node.around(Node.java:137)
	at org.junit.platform.engine.support.hierarchical.NodeTestTask.lambda$executeRecursively$9(NodeTestTask.java:144)
	at org.junit.platform.engine.support.hierarchical.ThrowableCollector.execute(ThrowableCollector.java:73)
	at org.junit.platform.engine.support.hierarchical.NodeTestTask.executeRecursively(NodeTestTask.java:143)
	at org.junit.platform.engine.support.hierarchical.NodeTestTask.execute(NodeTestTask.java:100)
	at org.junit.platform.engine.support.hierarchical.SameThreadHierarchicalTestExecutorService.submit(SameThreadHierarchicalTestExecutorService.java:35)
	at org.junit.platform.engine.support.hierarchical.HierarchicalTestExecutor.execute(HierarchicalTestExecutor.java:57)
	at org.junit.platform.engine.support.hierarchical.HierarchicalTestEngine.execute(HierarchicalTestEngine.java:54)
	at org.junit.platform.launcher.core.EngineExecutionOrchestrator.execute(EngineExecutionOrchestrator.java:198)
	at org.junit.platform.launcher.core.EngineExecutionOrchestrator.execute(EngineExecutionOrchestrator.java:169)
	at org.junit.platform.launcher.core.EngineExecutionOrchestrator.execute(EngineExecutionOrchestrator.java:93)
	at org.junit.platform.launcher.core.EngineExecutionOrchestrator.lambda$execute$0(EngineExecutionOrchestrator.java:58)
	at org.junit.platform.launcher.core.EngineExecutionOrchestrator.withInterceptedStreams(EngineExecutionOrchestrator.java:141)
	at org.junit.platform.launcher.core.EngineExecutionOrchestrator.execute(EngineExecutionOrchestrator.java:57)
	at org.junit.platform.launcher.core.DefaultLauncher.execute(DefaultLauncher.java:103)
	at org.junit.platform.launcher.core.DefaultLauncher.execute(DefaultLauncher.java:85)
	at org.junit.platform.launcher.core.DelegatingLauncher.execute(DelegatingLauncher.java:47)
	at org.gradle.api.internal.tasks.testing.junitplatform.JUnitPlatformTestClassProcessor$CollectAllTestClassesExecutor.processAllTestClasses(JUnitPlatformTestClassProcessor.java:124)
	at org.gradle.api.internal.tasks.testing.junitplatform.JUnitPlatformTestClassProcessor$CollectAllTestClassesExecutor.access$000(JUnitPlatformTestClassProcessor.java:99)
	at org.gradle.api.internal.tasks.testing.junitplatform.JUnitPlatformTestClassProcessor.stop(JUnitPlatformTestClassProcessor.java:94)
	at org.gradle.api.internal.tasks.testing.SuiteTestClassProcessor.stop(SuiteTestClassProcessor.java:63)
	at java.base/jdk.internal.reflect.DirectMethodHandleAccessor.invoke(DirectMethodHandleAccessor.java:103)
	at java.base/java.lang.reflect.Method.invoke(Method.java:580)
	at org.gradle.internal.dispatch.ReflectionDispatch.dispatch(ReflectionDispatch.java:36)
	at org.gradle.internal.dispatch.ReflectionDispatch.dispatch(ReflectionDispatch.java:24)
	at org.gradle.internal.dispatch.ContextClassLoaderDispatch.dispatch(ContextClassLoaderDispatch.java:33)
	at org.gradle.internal.dispatch.ProxyDispatchAdapter$DispatchingInvocationHandler.invoke(ProxyDispatchAdapter.java:92)
	at jdk.proxy2/jdk.proxy2.$Proxy6.stop(Unknown Source)
	at org.gradle.api.internal.tasks.testing.worker.TestWorker$3.run(TestWorker.java:200)
	at org.gradle.api.internal.tasks.testing.worker.TestWorker.executeAndMaintainThreadName(TestWorker.java:132)
	at org.gradle.api.internal.tasks.testing.worker.TestWorker.execute(TestWorker.java:103)
	at org.gradle.api.internal.tasks.testing.worker.TestWorker.execute(TestWorker.java:63)
	at org.gradle.process.internal.worker.child.ActionExecutionWorker.execute(ActionExecutionWorker.java:56)
	at org.gradle.process.internal.worker.child.SystemApplicationClassLoaderWorker.call(SystemApplicationClassLoaderWorker.java:122)
	at org.gradle.process.internal.worker.child.SystemApplicationClassLoaderWorker.call(SystemApplicationClassLoaderWorker.java:72)
	at worker.org.gradle.process.internal.worker.GradleWorkerMain.run(GradleWorkerMain.java:69)
	at worker.org.gradle.process.internal.worker.GradleWorkerMain.main(GradleWorkerMain.java:74)

[2025-11-12 20:24:58] [Camera - USBCameraSource - /dev/video1] [ERROR] USBCameraSource matched to a non-USB camera info?? PVFileCameraInfo[type=FileCamera, filename=/dev/video1, path='Left']
[2025-11-12 20:24:58] [Camera - USBCameraSource - /dev/video1] [INFO] Created settables org.photonvision.vision.processes.MockUsbCameraSource$MockUsbCameraSettables@19b0a9f2
[2025-11-12 20:24:58] [Camera - USBCameraSource - /dev/video2] [ERROR] USBCameraSource matched to a non-USB camera info?? PVFileCameraInfo[type=FileCamera, filename=/dev/video2, path='Right']
[2025-11-12 20:24:58] [Camera - USBCameraSource - /dev/video2] [INFO] Created settables org.photonvision.vision.processes.MockUsbCameraSource$MockUsbCameraSettables@5b0d480c
[2025-11-12 20:24:58] [VisionModule - PipelineManager] [DEBUG] Creating AprilTag pipeline
[2025-11-12 20:24:58] [WebServer - DataChangeService] [DEBUG] Added subscriber - Sources: DCS_WEBSOCKET, DCS_HTTP, DCS_NETWORKTABLES, DCS_VISIONMODULE, DCS_OTHER, Destinations: DCD_ACTIVEMODULE, DCD_ACTIVEPIPELINESETTINGS, DCD_GENSETTINGS, DCD_UI, DCD_WEBSERVER, DCD_OTHER
[2025-11-12 20:24:58] [VisionModule - VisionModule - Bar] [INFO] Setting pipeline to 0
[2025-11-12 20:24:58] [VisionModule - VisionModule - Bar] [INFO] Pipeline name: New Pipeline
[2025-11-12 20:24:58] [VisionModule - PipelineManager] [DEBUG] Creating AprilTag pipeline
[2025-11-12 20:24:58] [WebServer - DataChangeService] [DEBUG] Added subscriber - Sources: DCS_WEBSOCKET, DCS_HTTP, DCS_NETWORKTABLES, DCS_VISIONMODULE, DCS_OTHER, Destinations: DCD_ACTIVEMODULE, DCD_ACTIVEPIPELINESETTINGS, DCD_GENSETTINGS, DCD_UI, DCD_WEBSERVER, DCD_OTHER
[2025-11-12 20:24:58] [VisionModule - VisionModule - Bar2] [INFO] Setting pipeline to 0
[2025-11-12 20:24:58] [VisionModule - VisionModule - Bar2] [INFO] Pipeline name: New Pipeline
[2025-11-12 20:24:58] [VisionModule - PipelineManager] [DEBUG] Creating AprilTag pipeline
[2025-11-12 20:24:58] [WebServer - DataChangeService] [DEBUG] Added subscriber - Sources: DCS_WEBSOCKET, DCS_HTTP, DCS_NETWORKTABLES, DCS_VISIONMODULE, DCS_OTHER, Destinations: DCD_ACTIVEMODULE, DCD_ACTIVEPIPELINESETTINGS, DCD_GENSETTINGS, DCD_UI, DCD_WEBSERVER, DCD_OTHER
[2025-11-12 20:24:58] [VisionModule - VisionModule - Bar3] [INFO] Setting pipeline to 0
[2025-11-12 20:24:58] [VisionModule - VisionModule - Bar3] [INFO] Pipeline name: New Pipeline
[2025-11-12 20:24:58] [VisionModule - PipelineManager] [DEBUG] Creating AprilTag pipeline
[2025-11-12 20:24:58] [WebServer - DataChangeService] [DEBUG] Added subscriber - Sources: DCS_WEBSOCKET, DCS_HTTP, DCS_NETWORKTABLES, DCS_VISIONMODULE, DCS_OTHER, Destinations: DCD_ACTIVEMODULE, DCD_ACTIVEPIPELINESETTINGS, DCD_GENSETTINGS, DCD_UI, DCD_WEBSERVER, DCD_OTHER
[2025-11-12 20:24:58] [VisionModule - VisionModule - /dev/video1] [INFO] Setting pipeline to 0
[2025-11-12 20:24:58] [VisionModule - VisionModule - /dev/video1] [INFO] Pipeline name: New Pipeline
[2025-11-12 20:24:58] [VisionModule - PipelineManager] [DEBUG] Creating AprilTag pipeline
[2025-11-12 20:24:58] [WebServer - DataChangeService] [DEBUG] Added subscriber - Sources: DCS_WEBSOCKET, DCS_HTTP, DCS_NETWORKTABLES, DCS_VISIONMODULE, DCS_OTHER, Destinations: DCD_ACTIVEMODULE, DCD_ACTIVEPIPELINESETTINGS, DCD_GENSETTINGS, DCD_UI, DCD_WEBSERVER, DCD_OTHER
[2025-11-12 20:24:58] [VisionModule - VisionModule - /dev/video2] [INFO] Setting pipeline to 0
[2025-11-12 20:24:58] [VisionModule - VisionModule - /dev/video2] [INFO] Pipeline name: New Pipeline
[2025-11-12 20:24:58] [Config - SqlConfigProvider] [DEBUG] Loading config...
[2025-11-12 20:24:58] [Config - SqlConfigProvider] [ERROR] Could not deserialize apriltag layout! Loading defaults: Provided empty string for class edu.wpi.first.apriltag.AprilTagFieldLayout
[2025-11-12 20:24:58] [Config - SqlConfigProvider] [ERROR] org.eclipse.jetty.io.EofException: Provided empty string for class edu.wpi.first.apriltag.AprilTagFieldLayout
	at org.photonvision.common.util.file.JacksonUtils.deserialize(JacksonUtils.java:136)
	at org.photonvision.common.configuration.SqlConfigProvider.load(SqlConfigProvider.java:298)
	at org.photonvision.common.configuration.ConfigManager.load(ConfigManager.java:198)
	at org.photonvision.vision.processes.VisionSourceManagerTest.loadLibraries(VisionSourceManagerTest.java:64)
	at java.base/jdk.internal.reflect.DirectMethodHandleAccessor.invoke(DirectMethodHandleAccessor.java:103)
	at java.base/java.lang.reflect.Method.invoke(Method.java:580)
	at org.junit.platform.commons.util.ReflectionUtils.invokeMethod(ReflectionUtils.java:767)
	at org.junit.jupiter.engine.execution.MethodInvocation.proceed(MethodInvocation.java:60)
	at org.junit.jupiter.engine.execution.InvocationInterceptorChain$ValidatingInvocation.proceed(InvocationInterceptorChain.java:131)
	at org.junit.jupiter.engine.extension.TimeoutExtension.intercept(TimeoutExtension.java:156)
	at org.junit.jupiter.engine.extension.TimeoutExtension.interceptLifecycleMethod(TimeoutExtension.java:128)
	at org.junit.jupiter.engine.extension.TimeoutExtension.interceptBeforeAllMethod(TimeoutExtension.java:70)
	at org.junit.jupiter.engine.execution.InterceptingExecutableInvoker$ReflectiveInterceptorCall.lambda$ofVoidMethod$0(InterceptingExecutableInvoker.java:103)
	at org.junit.jupiter.engine.execution.InterceptingExecutableInvoker.lambda$invoke$0(InterceptingExecutableInvoker.java:93)
	at org.junit.jupiter.engine.execution.InvocationInterceptorChain$InterceptedInvocation.proceed(InvocationInterceptorChain.java:106)
	at org.junit.jupiter.engine.execution.InvocationInterceptorChain.proceed(InvocationInterceptorChain.java:64)
	at org.junit.jupiter.engine.execution.InvocationInterceptorChain.chainAndInvoke(InvocationInterceptorChain.java:45)
	at org.junit.jupiter.engine.execution.InvocationInterceptorChain.invoke(InvocationInterceptorChain.java:37)
	at org.junit.jupiter.engine.execution.InterceptingExecutableInvoker.invoke(InterceptingExecutableInvoker.java:92)
	at org.junit.jupiter.engine.execution.InterceptingExecutableInvoker.invoke(InterceptingExecutableInvoker.java:86)
	at org.junit.jupiter.engine.descriptor.ClassBasedTestDescriptor.lambda$invokeBeforeAllMethods$14(ClassBasedTestDescriptor.java:412)
	at org.junit.platform.engine.support.hierarchical.ThrowableCollector.execute(ThrowableCollector.java:73)
	at org.junit.jupiter.engine.descriptor.ClassBasedTestDescriptor.invokeBeforeAllMethods(ClassBasedTestDescriptor.java:410)
	at org.junit.jupiter.engine.descriptor.ClassBasedTestDescriptor.before(ClassBasedTestDescriptor.java:216)
	at org.junit.jupiter.engine.descriptor.ClassBasedTestDescriptor.before(ClassBasedTestDescriptor.java:85)
	at org.junit.platform.engine.support.hierarchical.NodeTestTask.lambda$executeRecursively$6(NodeTestTask.java:153)
	at org.junit.platform.engine.support.hierarchical.ThrowableCollector.execute(ThrowableCollector.java:73)
	at org.junit.platform.engine.support.hierarchical.NodeTestTask.lambda$executeRecursively$8(NodeTestTask.java:146)
	at org.junit.platform.engine.support.hierarchical.Node.around(Node.java:137)
	at org.junit.platform.engine.support.hierarchical.NodeTestTask.lambda$executeRecursively$9(NodeTestTask.java:144)
	at org.junit.platform.engine.support.hierarchical.ThrowableCollector.execute(ThrowableCollector.java:73)
	at org.junit.platform.engine.support.hierarchical.NodeTestTask.executeRecursively(NodeTestTask.java:143)
	at org.junit.platform.engine.support.hierarchical.NodeTestTask.execute(NodeTestTask.java:100)
	at java.base/java.util.ArrayList.forEach(ArrayList.java:1596)
	at org.junit.platform.engine.support.hierarchical.SameThreadHierarchicalTestExecutorService.invokeAll(SameThreadHierarchicalTestExecutorService.java:41)
	at org.junit.platform.engine.support.hierarchical.NodeTestTask.lambda$executeRecursively$6(NodeTestTask.java:160)
	at org.junit.platform.engine.support.hierarchical.ThrowableCollector.execute(ThrowableCollector.java:73)
	at org.junit.platform.engine.support.hierarchical.NodeTestTask.lambda$executeRecursively$8(NodeTestTask.java:146)
	at org.junit.platform.engine.support.hierarchical.Node.around(Node.java:137)
	at org.junit.platform.engine.support.hierarchical.NodeTestTask.lambda$executeRecursively$9(NodeTestTask.java:144)
	at org.junit.platform.engine.support.hierarchical.ThrowableCollector.execute(ThrowableCollector.java:73)
	at org.junit.platform.engine.support.hierarchical.NodeTestTask.executeRecursively(NodeTestTask.java:143)
	at org.junit.platform.engine.support.hierarchical.NodeTestTask.execute(NodeTestTask.java:100)
	at org.junit.platform.engine.support.hierarchical.SameThreadHierarchicalTestExecutorService.submit(SameThreadHierarchicalTestExecutorService.java:35)
	at org.junit.platform.engine.support.hierarchical.HierarchicalTestExecutor.execute(HierarchicalTestExecutor.java:57)
	at org.junit.platform.engine.support.hierarchical.HierarchicalTestEngine.execute(HierarchicalTestEngine.java:54)
	at org.junit.platform.launcher.core.EngineExecutionOrchestrator.execute(EngineExecutionOrchestrator.java:198)
	at org.junit.platform.launcher.core.EngineExecutionOrchestrator.execute(EngineExecutionOrchestrator.java:169)
	at org.junit.platform.launcher.core.EngineExecutionOrchestrator.execute(EngineExecutionOrchestrator.java:93)
	at org.junit.platform.launcher.core.EngineExecutionOrchestrator.lambda$execute$0(EngineExecutionOrchestrator.java:58)
	at org.junit.platform.launcher.core.EngineExecutionOrchestrator.withInterceptedStreams(EngineExecutionOrchestrator.java:141)
	at org.junit.platform.launcher.core.EngineExecutionOrchestrator.execute(EngineExecutionOrchestrator.java:57)
	at org.junit.platform.launcher.core.DefaultLauncher.execute(DefaultLauncher.java:103)
	at org.junit.platform.launcher.core.DefaultLauncher.execute(DefaultLauncher.java:85)
	at org.junit.platform.launcher.core.DelegatingLauncher.execute(DelegatingLauncher.java:47)
	at org.gradle.api.internal.tasks.testing.junitplatform.JUnitPlatformTestClassProcessor$CollectAllTestClassesExecutor.processAllTestClasses(JUnitPlatformTestClassProcessor.java:124)
	at org.gradle.api.internal.tasks.testing.junitplatform.JUnitPlatformTestClassProcessor$CollectAllTestClassesExecutor.access$000(JUnitPlatformTestClassProcessor.java:99)
	at org.gradle.api.internal.tasks.testing.junitplatform.JUnitPlatformTestClassProcessor.stop(JUnitPlatformTestClassProcessor.java:94)
	at org.gradle.api.internal.tasks.testing.SuiteTestClassProcessor.stop(SuiteTestClassProcessor.java:63)
	at java.base/jdk.internal.reflect.DirectMethodHandleAccessor.invoke(DirectMethodHandleAccessor.java:103)
	at java.base/java.lang.reflect.Method.invoke(Method.java:580)
	at org.gradle.internal.dispatch.ReflectionDispatch.dispatch(ReflectionDispatch.java:36)
	at org.gradle.internal.dispatch.ReflectionDispatch.dispatch(ReflectionDispatch.java:24)
	at org.gradle.internal.dispatch.ContextClassLoaderDispatch.dispatch(ContextClassLoaderDispatch.java:33)
	at org.gradle.internal.dispatch.ProxyDispatchAdapter$DispatchingInvocationHandler.invoke(ProxyDispatchAdapter.java:92)
	at jdk.proxy2/jdk.proxy2.$Proxy6.stop(Unknown Source)
	at org.gradle.api.internal.tasks.testing.worker.TestWorker$3.run(TestWorker.java:200)
	at org.gradle.api.internal.tasks.testing.worker.TestWorker.executeAndMaintainThreadName(TestWorker.java:132)
	at org.gradle.api.internal.tasks.testing.worker.TestWorker.execute(TestWorker.java:103)
	at org.gradle.api.internal.tasks.testing.worker.TestWorker.execute(TestWorker.java:63)
	at org.gradle.process.internal.worker.child.ActionExecutionWorker.execute(ActionExecutionWorker.java:56)
	at org.gradle.process.internal.worker.child.SystemApplicationClassLoaderWorker.call(SystemApplicationClassLoaderWorker.java:122)
	at org.gradle.process.internal.worker.child.SystemApplicationClassLoaderWorker.call(SystemApplicationClassLoaderWorker.java:72)
	at worker.org.gradle.process.internal.worker.GradleWorkerMain.run(GradleWorkerMain.java:69)
	at worker.org.gradle.process.internal.worker.GradleWorkerMain.main(GradleWorkerMain.java:74)

[2025-11-12 20:24:58] [Config - ConfigManager] [INFO] Clearing configuration!
[2025-11-12 20:24:58] [Config - SqlConfigProvider] [DEBUG] Saving to disk
[2025-11-12 20:24:58] [Config - SqlConfigProvider] [INFO] Settings saved!
[2025-11-12 20:24:58] [Camera - VisionSourceManager] [INFO] Registering loaded camera configs
[2025-11-12 20:24:58] [Camera - VisionSourceManager] [INFO] Finished registering loaded camera configs! Started 0 active VisionModules, with 0 disabled VisionModules
[2025-11-12 20:24:58] [Config - ConfigManager] [INFO] Clearing configuration!
[2025-11-12 20:24:58] [Config - SqlConfigProvider] [DEBUG] Saving to disk
[2025-11-12 20:24:58] [Config - SqlConfigProvider] [INFO] Settings saved!
[2025-11-12 20:24:58] [Camera - VisionSourceManager] [INFO] Registering loaded camera configs
[2025-11-12 20:24:58] [Camera - VisionSourceManager] [DEBUG] Creating VisionSource for CameraConfiguration [uniqueName=febb074a-2ea7-4f90-95e7-80dc76e0c7ce, matchedCameraInfo=PVUsbCameraInfo[type=UsbCamera, dev=0, path='/dev/video0', name='CamA', otherPaths=[/dev/v4l/by-path/1], vid=111, pid=222, uniquePath='/dev/v4l/by-path/1'], nickname=SavedCam, deactivated=false, cameraQuirks=null, FOV=70.0]
[2025-11-12 20:24:58] [Camera - USBCameraSource - SavedCam] [DEBUG] Using Generic USB Cam Settables
[2025-11-12 20:24:58] [Camera - USBCameraSource - SavedCam] [INFO] Created settables org.photonvision.vision.camera.USBCameras.GenericUSBCameraSettables@2cfd9b0a
[2025-11-12 20:24:58] [VisionModule - PipelineManager] [DEBUG] Creating AprilTag pipeline
[2025-11-12 20:24:58] [WebServer - DataChangeService] [DEBUG] Added subscriber - Sources: DCS_WEBSOCKET, DCS_HTTP, DCS_NETWORKTABLES, DCS_VISIONMODULE, DCS_OTHER, Destinations: DCD_ACTIVEMODULE, DCD_ACTIVEPIPELINESETTINGS, DCD_GENSETTINGS, DCD_UI, DCD_WEBSERVER, DCD_OTHER
[2025-11-12 20:24:58] [VisionModule - VisionModule - SavedCam] [INFO] Setting pipeline to 0
[2025-11-12 20:24:58] [VisionModule - VisionModule - SavedCam] [INFO] Pipeline name: New Pipeline
[2025-11-12 20:24:58] [Camera - VisionSourceManager] [INFO] Finished registering loaded camera configs! Started 1 active VisionModules, with 1 disabled VisionModules
[2025-11-12 20:24:58] [Camera - VisionSourceManager] [ERROR] Camera mismatch error!
[2025-11-12 20:24:58] [Camera - VisionSourceManager] [ERROR] Camera config mismatch for CamA
[2025-11-12 20:24:58] [Camera - VisionSourceManager] [ERROR] Expected: Name: CamA Type: UsbCamera Device Number: 0 Vendor ID: 111 Product ID: 222 Path: /dev/video0 Unique Path: /dev/v4l/by-path/1 Other Paths: [/dev/v4l/by-path/1]
[2025-11-12 20:24:58] [Camera - VisionSourceManager] [ERROR] Actual: Name: CamDifferent Type: UsbCamera Device Number: 0 Vendor ID: 111 Product ID: 222 Path: /dev/video0 Unique Path: /dev/v4l/by-path/1 Other Paths: [/dev/v4l/by-path/1]
[2025-11-12 20:24:58] [VisionModule - VisionModule - SavedCam] [WARN] StreamRunnable was interrupted - exiting
[2025-11-12 20:24:59] [Camera - VisionSourceManager] [INFO] Disabled the VisionModule for SavedCam
[2025-11-12 20:24:59] [Config - ConfigManager] [INFO] Clearing configuration!
[2025-11-12 20:24:59] [Config - SqlConfigProvider] [DEBUG] Saving to disk
[2025-11-12 20:24:59] [Config - SqlConfigProvider] [INFO] Settings saved!
[2025-11-12 20:24:59] [Camera - VisionSourceManager] [INFO] Registering loaded camera configs
[2025-11-12 20:24:59] [Camera - VisionSourceManager] [DEBUG] Creating VisionSource for CameraConfiguration [uniqueName=6fecad5a-c209-4cc5-976a-7d92c3047ddc, matchedCameraInfo=PVUsbCameraInfo[type=UsbCamera, dev=1, path='/dev/video1', name='Lifecam HD-3000', otherPaths=[/dev/v4l/by-path/foobar2], vid=5940, pid=5940, uniquePath='/dev/v4l/by-path/foobar2'], nickname=Lifecam_HD-3000, deactivated=false, cameraQuirks=null, FOV=70.0]
[2025-11-12 20:24:59] [Camera - USBCameraSource - Lifecam_HD-3000] [DEBUG] Using Generic USB Cam Settables
[2025-11-12 20:24:59] [Camera - USBCameraSource - Lifecam_HD-3000] [INFO] Created settables org.photonvision.vision.camera.USBCameras.GenericUSBCameraSettables@6094ad4
[2025-11-12 20:24:59] [VisionModule - PipelineManager] [DEBUG] Creating AprilTag pipeline
[2025-11-12 20:24:59] [WebServer - DataChangeService] [DEBUG] Added subscriber - Sources: DCS_WEBSOCKET, DCS_HTTP, DCS_NETWORKTABLES, DCS_VISIONMODULE, DCS_OTHER, Destinations: DCD_ACTIVEMODULE, DCD_ACTIVEPIPELINESETTINGS, DCD_GENSETTINGS, DCD_UI, DCD_WEBSERVER, DCD_OTHER
[2025-11-12 20:24:59] [VisionModule - VisionModule - Lifecam_HD-3000] [INFO] Setting pipeline to 0
[2025-11-12 20:24:59] [VisionModule - VisionModule - Lifecam_HD-3000] [INFO] Pipeline name: New Pipeline
[2025-11-12 20:24:59] [Camera - VisionSourceManager] [INFO] Finished registering loaded camera configs! Started 1 active VisionModules, with 2 disabled VisionModules
[2025-11-12 20:25:00] [Config - ConfigManager] [DEBUG] Saving to disk...
[2025-11-12 20:25:00] [Config - SqlConfigProvider] [DEBUG] Saving to disk
[2025-11-12 20:25:00] [Config - SqlConfigProvider] [INFO] Settings saved!
[2025-11-12 20:25:01] [VisionModule - VisionModule - Lifecam_HD-3000] [WARN] StreamRunnable was interrupted - exiting
[2025-11-12 20:25:01] [Camera - VisionSourceManager] [INFO] Disabled the VisionModule for Lifecam_HD-3000
[2025-11-12 20:25:01] [Config - ConfigManager] [INFO] Clearing configuration!
[2025-11-12 20:25:01] [Config - SqlConfigProvider] [DEBUG] Saving to disk
[2025-11-12 20:25:01] [Config - SqlConfigProvider] [INFO] Settings saved!
[2025-11-12 20:25:01] [Camera - VisionSourceManager] [INFO] Registering loaded camera configs
[2025-11-12 20:25:01] [Camera - VisionSourceManager] [DEBUG] Creating VisionSource for CameraConfiguration [uniqueName=ae22e02f-72d3-46df-8b1e-95c635938027, matchedCameraInfo=PVUsbCameraInfo[type=UsbCamera, dev=1, path='/dev/video1', name='Lifecam HD-3000', otherPaths=[/dev/v4l/by-path/usb/foobar1, /dev/v4l/by-path/usbv2/foobar1], vid=5940, pid=5940, uniquePath='/dev/v4l/by-path/usb/foobar1'], nickname=TestCamera, deactivated=false, cameraQuirks=null, FOV=70.0]
[2025-11-12 20:25:01] [Camera - USBCameraSource - TestCamera] [DEBUG] Using Generic USB Cam Settables
[2025-11-12 20:25:01] [Camera - USBCameraSource - TestCamera] [INFO] Created settables org.photonvision.vision.camera.USBCameras.GenericUSBCameraSettables@64cec4d0
[2025-11-12 20:25:01] [VisionModule - PipelineManager] [DEBUG] Creating AprilTag pipeline
[2025-11-12 20:25:01] [WebServer - DataChangeService] [DEBUG] Added subscriber - Sources: DCS_WEBSOCKET, DCS_HTTP, DCS_NETWORKTABLES, DCS_VISIONMODULE, DCS_OTHER, Destinations: DCD_ACTIVEMODULE, DCD_ACTIVEPIPELINESETTINGS, DCD_GENSETTINGS, DCD_UI, DCD_WEBSERVER, DCD_OTHER
[2025-11-12 20:25:01] [VisionModule - VisionModule - TestCamera] [INFO] Setting pipeline to 0
[2025-11-12 20:25:01] [VisionModule - VisionModule - TestCamera] [INFO] Pipeline name: New Pipeline
[2025-11-12 20:25:01] [Camera - VisionSourceManager] [INFO] Finished registering loaded camera configs! Started 1 active VisionModules, with 1 disabled VisionModules
[2025-11-12 20:25:01] [Camera - VisionSourceManager] [ERROR] Camera unique-path already in use by active VisionModule! Cannot add PVUsbCameraInfo[type=UsbCamera, dev=0, path='/dev/video0', name='Lifecam HD-3000', otherPaths=[/dev/v4l/by-path/usbv2/foobar1, /dev/v4l/by-path/usb/foobar1], vid=5940, pid=5940, uniquePath='/dev/v4l/by-path/usb/foobar1']
[2025-11-12 20:25:02] [Config - ConfigManager] [DEBUG] Saving to disk...
[2025-11-12 20:25:02] [Config - SqlConfigProvider] [DEBUG] Saving to disk
[2025-11-12 20:25:02] [Config - SqlConfigProvider] [INFO] Settings saved!
[2025-11-12 20:25:03] [VisionModule - VisionModule - TestCamera] [WARN] StreamRunnable was interrupted - exiting
[2025-11-12 20:25:03] [Camera - VisionSourceManager] [INFO] Disabled the VisionModule for TestCamera
[2025-11-12 20:25:03] [Config - ConfigManager] [INFO] Clearing configuration!
[2025-11-12 20:25:03] [Config - SqlConfigProvider] [DEBUG] Saving to disk
[2025-11-12 20:25:03] [Config - SqlConfigProvider] [INFO] Settings saved!
[2025-11-12 20:25:03] [Camera - VisionSourceManager] [INFO] Registering loaded camera configs
[2025-11-12 20:25:03] [Camera - VisionSourceManager] [INFO] Finished registering loaded camera configs! Started 0 active VisionModules, with 0 disabled VisionModules
[2025-11-12 20:25:03] [Camera - VisionSourceManager] [DEBUG] Creating VisionSource for CameraConfiguration [uniqueName=6fa8cbf6-1985-4f24-be17-1c1b8cc255fc, matchedCameraInfo=PVFileCameraInfo[type=FileCamera, filename=kTag1_640_480, path='D:\CodeStuff\photonvision\test-resources\testimages\apriltag\tag1_640_480.jpg'], nickname=kTag1_640_480, deactivated=false, cameraQuirks=null, FOV=70.0]
[2025-11-12 20:25:03] [VisionModule - PipelineManager] [DEBUG] Creating AprilTag pipeline
[2025-11-12 20:25:03] [WebServer - DataChangeService] [DEBUG] Added subscriber - Sources: DCS_WEBSOCKET, DCS_HTTP, DCS_NETWORKTABLES, DCS_VISIONMODULE, DCS_OTHER, Destinations: DCD_ACTIVEMODULE, DCD_ACTIVEPIPELINESETTINGS, DCD_GENSETTINGS, DCD_UI, DCD_WEBSERVER, DCD_OTHER
[2025-11-12 20:25:03] [VisionModule - VisionModule - kTag1_640_480] [INFO] Setting pipeline to 0
[2025-11-12 20:25:03] [VisionModule - VisionModule - kTag1_640_480] [INFO] Pipeline name: New Pipeline
[2025-11-12 20:25:03] [VisionModule - VisionSourceSettables - kTag1_640_480] [INFO] Setting video mode to FPS: 30 Width: 640 Height: 480 Pixel Format: kMJPEG
[2025-11-12 20:25:03] [VisionModule - VisionModule - kTag1_640_480] [WARN] StreamRunnable was interrupted - exiting
[2025-11-12 20:25:03] [Camera - VisionSourceManager] [INFO] Disabled the VisionModule for kTag1_640_480
[2025-11-12 20:25:03] [Config - ConfigManager] [INFO] Clearing configuration!
[2025-11-12 20:25:03] [Config - SqlConfigProvider] [DEBUG] Saving to disk
[2025-11-12 20:25:03] [Config - SqlConfigProvider] [INFO] Settings saved!
[2025-11-12 20:25:03] [Camera - VisionSourceManager] [INFO] Registering loaded camera configs
[2025-11-12 20:25:03] [Camera - VisionSourceManager] [INFO] Finished registering loaded camera configs! Started 0 active VisionModules, with 2 disabled VisionModules
[2025-11-12 20:25:03] [Camera - VisionSourceManager] [DEBUG] Creating VisionSource for CameraConfiguration [uniqueName=11c60334-7bbc-46cb-87b6-89268a83231b, matchedCameraInfo=PVFileCameraInfo[type=FileCamera, filename=kTag1_640_480, path='D:\CodeStuff\photonvision\test-resources\testimages\apriltag\tag1_640_480.jpg'], nickname=kTag1_640_480, deactivated=false, cameraQuirks=null, FOV=70.0]
[2025-11-12 20:25:03] [VisionModule - PipelineManager] [DEBUG] Creating AprilTag pipeline
[2025-11-12 20:25:03] [WebServer - DataChangeService] [DEBUG] Added subscriber - Sources: DCS_WEBSOCKET, DCS_HTTP, DCS_NETWORKTABLES, DCS_VISIONMODULE, DCS_OTHER, Destinations: DCD_ACTIVEMODULE, DCD_ACTIVEPIPELINESETTINGS, DCD_GENSETTINGS, DCD_UI, DCD_WEBSERVER, DCD_OTHER
[2025-11-12 20:25:03] [VisionModule - VisionModule - kTag1_640_480 (2)] [INFO] Setting pipeline to 0
[2025-11-12 20:25:03] [VisionModule - VisionModule - kTag1_640_480 (2)] [INFO] Pipeline name: New Pipeline
[2025-11-12 20:25:03] [VisionModule - VisionSourceSettables - kTag1_640_480 (2)] [INFO] Setting video mode to FPS: 30 Width: 640 Height: 480 Pixel Format: kMJPEG
[2025-11-12 20:25:03] [VisionModule - VisionModule - kTag1_640_480 (2)] [WARN] StreamRunnable was interrupted - exiting
[2025-11-12 20:25:03] [Camera - VisionSourceManager] [INFO] Disabled the VisionModule for kTag1_640_480 (2)
[2025-11-12 20:25:03] [Config - ConfigManager] [INFO] Clearing configuration!
[2025-11-12 20:25:03] [Config - SqlConfigProvider] [DEBUG] Saving to disk
[2025-11-12 20:25:03] [Config - SqlConfigProvider] [INFO] Settings saved!
[2025-11-12 20:25:03] [General - HardwareManager] [INFO] Shutting down LEDs...
[2025-11-12 20:25:03] [Config - ConfigManager] [INFO] Force-flushing settings...
[2025-11-12 20:25:03] [Config - SqlConfigProvider] [DEBUG] Saving to disk
[2025-11-12 20:25:03] [Config - SqlConfigProvider] [INFO] Settings saved!
